#
# A fatal error has been detected by the Java Runtime Environment:
#
#  SIGFPE (0x8) at pc=0x0000000118f8e168, pid=10374, tid=8451
#
# JRE version: Java(TM) SE Runtime Environment (15.0.1+9) (build 15.0.1+9-18)
# Java VM: Java HotSpot(TM) 64-Bit Server VM (15.0.1+9-18, mixed mode, sharing, tiered, compressed oops, g1 gc, bsd-amd64)
# Problematic frame:
# j  chap04.section3.TryCatchKt.main()V+0
#
# No core dump will be written. Core dumps have been disabled. To enable core dumping, try "ulimit -c unlimited" before starting Java again
#
# If you would like to submit a bug report, please visit:
#   https://bugreport.java.com/bugreport/crash.jsp
#

---------------  S U M M A R Y ------------

Command Line: -javaagent:/Applications/IntelliJ IDEA.app/Contents/lib/idea_rt.jar=63655:/Applications/IntelliJ IDEA.app/Contents/bin -Dfile.encoding=UTF-8 chap04.section3.TryCatchKt

Host: MacBookAir10,1 x86_64 2400 MHz, 8 cores, 16G, Darwin 20.2.0
Time: Thu Jan  7 22:26:38 2021 KST elapsed time: 0.173596 seconds (0d 0h 0m 0s)

---------------  T H R E A D  ---------------

Current thread (0x00007fee81009000):  JavaThread "main" [_thread_in_Java, id=8451, stack(0x0000000308968000,0x0000000308a68000)]

Stack: [0x0000000308968000,0x0000000308a68000],  sp=0x0000000308a67a68,  free space=1022k
Native frames: (J=compiled Java code, A=aot compiled Java code, j=interpreted, Vv=VM code, C=native code)
j  chap04.section3.TryCatchKt.main()V+0
j  chap04.section3.TryCatchKt.main([Ljava/lang/String;)V+0
v  ~StubRoutines::call_stub
V  [libjvm.dylib+0x4ad312]  JavaCalls::call_helper(JavaValue*, methodHandle const&, JavaCallArguments*, Thread*)+0x2e2
V  [libjvm.dylib+0x50d989]  jni_invoke_static(JNIEnv_*, JavaValue*, _jobject*, JNICallType, _jmethodID*, JNI_ArgumentPusher*, Thread*)+0x1f9
V  [libjvm.dylib+0x510f1a]  jni_CallStaticVoidMethod+0x18a
C  [libjli.dylib+0x4f3d]  JavaMain+0xc1d
C  [libjli.dylib+0x7659]  ThreadJavaMain+0x9
C  [libsystem_pthread.dylib+0x6950]  _pthread_start+0xe0
C  [libsystem_pthread.dylib+0x247b]  thread_start+0xf


siginfo: si_signo: 8 (SIGFPE), si_code: 5 (FPE_FLTINV), si_addr: 0x0000000118f8e168

Register to memory mapping:

RAX=0x0000000000000006 is an unknown value
RBX=0x000000000000006c is an unknown value
RCX=0x0 is NULL
RDX=0x0 is NULL
RSP=0x0000000308a67a68 is pointing into the stack for thread: 0x00007fee81009000
RBP=0x0000000308a67ab0 is pointing into the stack for thread: 0x00007fee81009000
RSI=0x0000000000000001 is an unknown value
RDI=0x0000000000000001 is an unknown value
R8 ={method} {0x0000000133c57cc8} 'main' '()V' in 'chap04/section3/TryCatchKt'
R9 =0x00007fee7f705b00 points into unknown readable memory: 0x0000000133c57d88 | 88 7d c5 33 01 00 00 00
R10=0x000000010f4338c0: _ZN19TemplateInterpreter13_active_tableE+0x2000 in /Library/Java/JavaVirtualMachines/jdk-15.0.1.jdk/Contents/Home/lib/server/libjvm.dylib at 0x000000010e800000
R11=0x00007fee7f427568 points into unknown readable memory: 0x0000000000000000 | 00 00 00 00 00 00 00 00
R12=0x0 is NULL
R13=0x0000000133c57c1a is pointing into metadata
R14=0x0000000308a67ae8 is pointing into the stack for thread: 0x00007fee81009000
R15=0x00007fee81009000 is a thread


Registers:
RAX=0x0000000000000006, RBX=0x000000000000006c, RCX=0x0000000000000000, RDX=0x0000000000000000
RSP=0x0000000308a67a68, RBP=0x0000000308a67ab0, RSI=0x0000000000000001, RDI=0x0000000000000001
R8 =0x0000000133c57cc8, R9 =0x00007fee7f705b00, R10=0x000000010f4338c0, R11=0x00007fee7f427568
R12=0x0000000000000000, R13=0x0000000133c57c1a, R14=0x0000000308a67ae8, R15=0x00007fee81009000
RIP=0x0000000118f8e168, EFLAGS=0x0000000000000a87, ERR=0x0000000000000000
  TRAPNO=0x0000000000000000

Top of Stack: (sp=0x0000000308a67a68)
0x0000000308a67a68:   0000000308a67a68 0000000133c57c10
0x0000000308a67a78:   0000000308a67ae8 0000000133c57e48
0x0000000308a67a88:   0000000000000000 000000070ffdf118
0x0000000308a67a98:   0000000133c57cc8 0000000000000000
0x0000000308a67aa8:   0000000308a67af0 0000000308a67b38
0x0000000308a67ab8:   0000000118f83eea 0000000000000000
0x0000000308a67ac8:   0000000000000000 0000000000000000
0x0000000308a67ad8:   0000000000000000 0000000000000000
0x0000000308a67ae8:   0000000000000006 0000000308a67af0
0x0000000308a67af8:   0000000133c57d80 0000000308a67b48
0x0000000308a67b08:   0000000133c57e48 0000000000000000
0x0000000308a67b18:   000000070ffdf118 0000000133c57d88
0x0000000308a67b28:   0000000308a67af0 0000000308a67b48
0x0000000308a67b38:   0000000308a67bb0 0000000118f7a947
0x0000000308a67b48:   000000070ffdf410 a4aba65a00001fa0
0x0000000308a67b58:   00007fee81009000 0000000308a67cf0
0x0000000308a67b68:   0000000308a67ea0 0000000308a67cd8
0x0000000308a67b78:   0000000000000001 0000000308a67c08
0x0000000308a67b88:   0000000308a67ea8 000000000000000a
0x0000000308a67b98:   0000000133c57d88 0000000118f87f40
0x0000000308a67ba8:   0000000308a67cf8 0000000308a67c90
0x0000000308a67bb8:   000000010ecad312 0000000000000001
0x0000000308a67bc8:   00007fee81009000 00007fee81009000
0x0000000308a67bd8:   00007fee7f705920 00007fee7f705a10
0x0000000308a67be8:   00007fee7f705a20 00007fee7f705af8
0x0000000308a67bf8:   00000000000000d8 00007fee7f705980
0x0000000308a67c08:   00007fee81009000 00007fee7f706850
0x0000000308a67c18:   0000000133c57d88 0000000000000000
0x0000000308a67c28:   0000000000000000 0000000000000000
0x0000000308a67c38:   0000000000000000 0000000308a67ea0
0x0000000308a67c48:   00000002026079ec 0000000118f87f40
0x0000000308a67c58:   000000000000000f 0000000a003e8968 

Instructions: (pc=0x0000000118f8e168)
0x0000000118f8e068:   84 90 27 0f 01 00 00 00 6a 00 00 00 00 00 00 00
0x0000000118f8e078:   00 00 00 00 00 00 00 00 f3 0f 10 04 24 48 83 c4
0x0000000118f8e088:   08 f3 0f 59 04 24 48 83 c4 08 41 0f b6 5d 01 49
0x0000000118f8e098:   ff c5 49 ba c0 48 43 0f 01 00 00 00 41 ff 24 da
0x0000000118f8e0a8:   00 00 00 00 00 00 00 00 00 00 00 00 00 00 00 00
0x0000000118f8e0b8:   00 00 00 00 00 00 00 00 60 00 00 00 00 00 00 00
0x0000000118f8e0c8:   89 90 27 0f 01 00 00 00 6b 00 00 00 00 00 00 00
0x0000000118f8e0d8:   00 00 00 00 00 00 00 00 f2 0f 10 04 24 48 83 c4
0x0000000118f8e0e8:   10 f2 0f 59 04 24 48 83 c4 10 41 0f b6 5d 01 49
0x0000000118f8e0f8:   ff c5 49 ba c0 50 43 0f 01 00 00 00 41 ff 24 da
0x0000000118f8e108:   00 00 00 00 00 00 00 00 00 00 00 00 00 00 00 00
0x0000000118f8e118:   00 00 00 00 00 00 00 00 60 00 00 00 00 00 00 00
0x0000000118f8e128:   8e 90 27 0f 01 00 00 00 6c 00 00 00 00 00 00 00
0x0000000118f8e138:   00 00 00 00 00 00 00 00 8b 04 24 48 83 c4 08 8b
0x0000000118f8e148:   c8 8b 04 24 48 83 c4 08 81 f8 00 00 00 80 0f 85
0x0000000118f8e158:   0b 00 00 00 33 d2 83 f9 ff 0f 84 03 00 00 00 99
0x0000000118f8e168:   f7 f9 41 0f b6 5d 01 49 ff c5 49 ba c0 38 43 0f
0x0000000118f8e178:   01 00 00 00 41 ff 24 da 80 00 00 00 00 00 00 00
0x0000000118f8e188:   93 90 27 0f 01 00 00 00 6d 00 00 00 00 00 00 00
0x0000000118f8e198:   00 00 00 00 00 00 00 00 48 8b 04 24 48 83 c4 10
0x0000000118f8e1a8:   48 8b c8 48 8b 04 24 48 83 c4 10 48 85 c9 0f 84
0x0000000118f8e1b8:   73 9a ff ff 48 3b 05 8d 5b 36 f6 0f 85 0c 00 00
0x0000000118f8e1c8:   00 33 d2 48 83 f9 ff 0f 84 05 00 00 00 48 99 48
0x0000000118f8e1d8:   f7 f9 41 0f b6 5d 01 49 ff c5 49 ba c0 40 43 0f
0x0000000118f8e1e8:   01 00 00 00 41 ff 24 da 00 00 00 00 00 00 00 00
0x0000000118f8e1f8:   00 00 00 00 00 00 00 00 60 00 00 00 00 00 00 00
0x0000000118f8e208:   98 90 27 0f 01 00 00 00 6e 00 00 00 00 00 00 00
0x0000000118f8e218:   00 00 00 00 00 00 00 00 f3 0f 10 04 24 48 83 c4
0x0000000118f8e228:   08 0f 28 c8 f3 0f 10 04 24 48 83 c4 08 f3 0f 5e
0x0000000118f8e238:   c1 41 0f b6 5d 01 49 ff c5 49 ba c0 48 43 0f 01
0x0000000118f8e248:   00 00 00 41 ff 24 da 90 00 00 00 00 00 00 00 00
0x0000000118f8e258:   00 00 00 00 00 00 00 00 60 00 00 00 00 00 00 00 


Stack slot to memory mapping:
stack at sp + 0 slots: 0x0000000308a67a68 is pointing into the stack for thread: 0x00007fee81009000
stack at sp + 1 slots: 0x0000000133c57c10 is pointing into metadata
stack at sp + 2 slots: 0x0000000308a67ae8 is pointing into the stack for thread: 0x00007fee81009000
stack at sp + 3 slots: 0x0000000133c57e48 is pointing into metadata
stack at sp + 4 slots: 0x0 is NULL
stack at sp + 5 slots: 0x000000070ffdf118 is an oop: java.lang.Class 
{0x000000070ffdf118} - klass: 'java/lang/Class'
stack at sp + 6 slots: {method} {0x0000000133c57cc8} 'main' '()V' in 'chap04/section3/TryCatchKt'
stack at sp + 7 slots: 0x0 is NULL

idiv  108 idiv  [0x0000000118f8e140, 0x0000000118f8e180]  64 bytes
[MachCode]
  0x0000000118f8e140: 8b04 2448 | 83c4 088b | c88b 0424 | 4883 c408 | 81f8 0000 | 0080 0f85 | 0b00 0000 | 33d2 83f9 
  0x0000000118f8e160: ff0f 8403 | 0000 0099 | f7f9 410f | b65d 0149 | ffc5 49ba | c038 430f | 0100 0000 | 41ff 24da 
[/MachCode]

---------------  P R O C E S S  ---------------

Threads class SMR info:
_java_thread_list=0x00007fee7f532650, length=11, elements={
0x00007fee81009000, 0x00007fee810dbe00, 0x00007fee810de600, 0x00007fee80808800,
0x00007fee80036000, 0x00007fee810dfc00, 0x00007fee80808e00, 0x00007fee80809c00,
0x00007fee810e0a00, 0x00007fee80861c00, 0x00007fee80113200
}

Java Threads: ( => current thread )
=>0x00007fee81009000 JavaThread "main" [_thread_in_Java, id=8451, stack(0x0000000308968000,0x0000000308a68000)]
  0x00007fee810dbe00 JavaThread "Reference Handler" daemon [_thread_blocked, id=14083, stack(0x000000030907d000,0x000000030917d000)]
  0x00007fee810de600 JavaThread "Finalizer" daemon [_thread_blocked, id=43011, stack(0x0000000309180000,0x0000000309280000)]
  0x00007fee80808800 JavaThread "Signal Dispatcher" daemon [_thread_blocked, id=39683, stack(0x0000000309393000,0x0000000309493000)]
  0x00007fee80036000 JavaThread "Service Thread" daemon [_thread_blocked, id=25347, stack(0x0000000309496000,0x0000000309596000)]
  0x00007fee810dfc00 JavaThread "C2 CompilerThread0" daemon [_thread_blocked, id=26115, stack(0x0000000309599000,0x0000000309699000)]
  0x00007fee80808e00 JavaThread "C1 CompilerThread0" daemon [_thread_blocked, id=27139, stack(0x000000030969c000,0x000000030979c000)]
  0x00007fee80809c00 JavaThread "Sweeper thread" daemon [_thread_blocked, id=27395, stack(0x000000030979f000,0x000000030989f000)]
  0x00007fee810e0a00 JavaThread "Common-Cleaner" daemon [_thread_blocked, id=28163, stack(0x00000003098a2000,0x00000003099a2000)]
  0x00007fee80861c00 JavaThread "Monitor Ctrl-Break" daemon [_thread_blocked, id=28931, stack(0x00000003099a5000,0x0000000309aa5000)]
  0x00007fee80113200 JavaThread "Notification Thread" daemon [_thread_blocked, id=36099, stack(0x0000000309aa8000,0x0000000309ba8000)]

Other Threads:
  0x00007fee7f411ee0 VMThread "VM Thread" [stack: 0x0000000308f7a000,0x000000030907a000] [id=13571] _threads_hazard_ptr=0x00007fee7f532650
  0x00007fee7f759cf0 WatcherThread [stack: 0x0000000309bab000,0x0000000309cab000] [id=36875]
  0x00007fee7f712290 GCTaskThread "GC Thread#0" [stack: 0x0000000308a6b000,0x0000000308b6b000] [id=12803]
  0x00007fee7f713460 ConcurrentGCThread "G1 Main Marker" [stack: 0x0000000308b6e000,0x0000000308c6e000] [id=13059]
  0x00007fee7f714560 ConcurrentGCThread "G1 Conc#0" [stack: 0x0000000308c71000,0x0000000308d71000] [id=16387]
  0x00007fee7f7311a0 ConcurrentGCThread "G1 Refine#0" [stack: 0x0000000308d74000,0x0000000308e74000] [id=15875]
  0x00007fee7f514520 ConcurrentGCThread "G1 Young RemSet Sampling" [stack: 0x0000000308e77000,0x0000000308f77000] [id=15363]

Threads with active compile tasks:

VM state: not at safepoint (normal execution)

VM Mutex/Monitor currently owned by a thread:  ([mutex/lock_event])
[0x00007fee7f510f40] Compile_lock - owner thread: 0x00007fee80861c00

Heap address: 0x0000000700000000, size: 4096 MB, Compressed Oops mode: Zero based, Oop shift amount: 3
CDS archive(s) mapped at: [0x0000000800000000-0x0000000800b2c000-0x0000000800b2c000), size 11714560, SharedBaseAddress: 0x0000000800000000, ArchiveRelocationMode: 0.
Compressed class space mapped at: 0x0000000800b2c000-0x0000000840b2c000, size: 1073741824
Narrow klass base: 0x0000000800000000, Narrow klass shift: 3, Narrow klass range: 0x100000000

GC Precious Log:
 CPUs: 8 total, 8 available
 Memory: 16384M
 Large Page Support: Disabled
 NUMA Support: Disabled
 Compressed Oops: Enabled (Zero based)
 Heap Region Size: 2M
 Heap Min Capacity: 8M
 Heap Initial Capacity: 256M
 Heap Max Capacity: 4G
 Pre-touch: Disabled
 Parallel Workers: 8
 Concurrent Workers: 2
 Concurrent Refinement Workers: 8
 Periodic GC: Disabled

Heap:
 garbage-first heap   total 266240K, used 3880K [0x0000000700000000, 0x0000000800000000)
  region size 2048K, 2 young (4096K), 0 survivors (0K)
 Metaspace       used 564K, capacity 4499K, committed 4864K, reserved 1056768K
  class space    used 50K, capacity 389K, committed 512K, reserved 1048576K

Heap Regions: E=young(eden), S=young(survivor), O=old, HS=humongous(starts), HC=humongous(continues), CS=collection set, F=free, OA=open archive, CA=closed archive, TAMS=top-at-mark-start (previous, next)
|   0|0x0000000700000000, 0x0000000700000000, 0x0000000700200000|  0%| F|  |TAMS 0x0000000700000000, 0x0000000700000000| Untracked 
|   1|0x0000000700200000, 0x0000000700200000, 0x0000000700400000|  0%| F|  |TAMS 0x0000000700200000, 0x0000000700200000| Untracked 
|   2|0x0000000700400000, 0x0000000700400000, 0x0000000700600000|  0%| F|  |TAMS 0x0000000700400000, 0x0000000700400000| Untracked 
|   3|0x0000000700600000, 0x0000000700600000, 0x0000000700800000|  0%| F|  |TAMS 0x0000000700600000, 0x0000000700600000| Untracked 
|   4|0x0000000700800000, 0x0000000700800000, 0x0000000700a00000|  0%| F|  |TAMS 0x0000000700800000, 0x0000000700800000| Untracked 
|   5|0x0000000700a00000, 0x0000000700a00000, 0x0000000700c00000|  0%| F|  |TAMS 0x0000000700a00000, 0x0000000700a00000| Untracked 
|   6|0x0000000700c00000, 0x0000000700c00000, 0x0000000700e00000|  0%| F|  |TAMS 0x0000000700c00000, 0x0000000700c00000| Untracked 
|   7|0x0000000700e00000, 0x0000000700e00000, 0x0000000701000000|  0%| F|  |TAMS 0x0000000700e00000, 0x0000000700e00000| Untracked 
|   8|0x0000000701000000, 0x0000000701000000, 0x0000000701200000|  0%| F|  |TAMS 0x0000000701000000, 0x0000000701000000| Untracked 
|   9|0x0000000701200000, 0x0000000701200000, 0x0000000701400000|  0%| F|  |TAMS 0x0000000701200000, 0x0000000701200000| Untracked 
|  10|0x0000000701400000, 0x0000000701400000, 0x0000000701600000|  0%| F|  |TAMS 0x0000000701400000, 0x0000000701400000| Untracked 
|  11|0x0000000701600000, 0x0000000701600000, 0x0000000701800000|  0%| F|  |TAMS 0x0000000701600000, 0x0000000701600000| Untracked 
|  12|0x0000000701800000, 0x0000000701800000, 0x0000000701a00000|  0%| F|  |TAMS 0x0000000701800000, 0x0000000701800000| Untracked 
|  13|0x0000000701a00000, 0x0000000701a00000, 0x0000000701c00000|  0%| F|  |TAMS 0x0000000701a00000, 0x0000000701a00000| Untracked 
|  14|0x0000000701c00000, 0x0000000701c00000, 0x0000000701e00000|  0%| F|  |TAMS 0x0000000701c00000, 0x0000000701c00000| Untracked 
|  15|0x0000000701e00000, 0x0000000701e00000, 0x0000000702000000|  0%| F|  |TAMS 0x0000000701e00000, 0x0000000701e00000| Untracked 
|  16|0x0000000702000000, 0x0000000702000000, 0x0000000702200000|  0%| F|  |TAMS 0x0000000702000000, 0x0000000702000000| Untracked 
|  17|0x0000000702200000, 0x0000000702200000, 0x0000000702400000|  0%| F|  |TAMS 0x0000000702200000, 0x0000000702200000| Untracked 
|  18|0x0000000702400000, 0x0000000702400000, 0x0000000702600000|  0%| F|  |TAMS 0x0000000702400000, 0x0000000702400000| Untracked 
|  19|0x0000000702600000, 0x0000000702600000, 0x0000000702800000|  0%| F|  |TAMS 0x0000000702600000, 0x0000000702600000| Untracked 
|  20|0x0000000702800000, 0x0000000702800000, 0x0000000702a00000|  0%| F|  |TAMS 0x0000000702800000, 0x0000000702800000| Untracked 
|  21|0x0000000702a00000, 0x0000000702a00000, 0x0000000702c00000|  0%| F|  |TAMS 0x0000000702a00000, 0x0000000702a00000| Untracked 
|  22|0x0000000702c00000, 0x0000000702c00000, 0x0000000702e00000|  0%| F|  |TAMS 0x0000000702c00000, 0x0000000702c00000| Untracked 
|  23|0x0000000702e00000, 0x0000000702e00000, 0x0000000703000000|  0%| F|  |TAMS 0x0000000702e00000, 0x0000000702e00000| Untracked 
|  24|0x0000000703000000, 0x0000000703000000, 0x0000000703200000|  0%| F|  |TAMS 0x0000000703000000, 0x0000000703000000| Untracked 
|  25|0x0000000703200000, 0x0000000703200000, 0x0000000703400000|  0%| F|  |TAMS 0x0000000703200000, 0x0000000703200000| Untracked 
|  26|0x0000000703400000, 0x0000000703400000, 0x0000000703600000|  0%| F|  |TAMS 0x0000000703400000, 0x0000000703400000| Untracked 
|  27|0x0000000703600000, 0x0000000703600000, 0x0000000703800000|  0%| F|  |TAMS 0x0000000703600000, 0x0000000703600000| Untracked 
|  28|0x0000000703800000, 0x0000000703800000, 0x0000000703a00000|  0%| F|  |TAMS 0x0000000703800000, 0x0000000703800000| Untracked 
|  29|0x0000000703a00000, 0x0000000703a00000, 0x0000000703c00000|  0%| F|  |TAMS 0x0000000703a00000, 0x0000000703a00000| Untracked 
|  30|0x0000000703c00000, 0x0000000703c00000, 0x0000000703e00000|  0%| F|  |TAMS 0x0000000703c00000, 0x0000000703c00000| Untracked 
|  31|0x0000000703e00000, 0x0000000703e00000, 0x0000000704000000|  0%| F|  |TAMS 0x0000000703e00000, 0x0000000703e00000| Untracked 
|  32|0x0000000704000000, 0x0000000704000000, 0x0000000704200000|  0%| F|  |TAMS 0x0000000704000000, 0x0000000704000000| Untracked 
|  33|0x0000000704200000, 0x0000000704200000, 0x0000000704400000|  0%| F|  |TAMS 0x0000000704200000, 0x0000000704200000| Untracked 
|  34|0x0000000704400000, 0x0000000704400000, 0x0000000704600000|  0%| F|  |TAMS 0x0000000704400000, 0x0000000704400000| Untracked 
|  35|0x0000000704600000, 0x0000000704600000, 0x0000000704800000|  0%| F|  |TAMS 0x0000000704600000, 0x0000000704600000| Untracked 
|  36|0x0000000704800000, 0x0000000704800000, 0x0000000704a00000|  0%| F|  |TAMS 0x0000000704800000, 0x0000000704800000| Untracked 
|  37|0x0000000704a00000, 0x0000000704a00000, 0x0000000704c00000|  0%| F|  |TAMS 0x0000000704a00000, 0x0000000704a00000| Untracked 
|  38|0x0000000704c00000, 0x0000000704c00000, 0x0000000704e00000|  0%| F|  |TAMS 0x0000000704c00000, 0x0000000704c00000| Untracked 
|  39|0x0000000704e00000, 0x0000000704e00000, 0x0000000705000000|  0%| F|  |TAMS 0x0000000704e00000, 0x0000000704e00000| Untracked 
|  40|0x0000000705000000, 0x0000000705000000, 0x0000000705200000|  0%| F|  |TAMS 0x0000000705000000, 0x0000000705000000| Untracked 
|  41|0x0000000705200000, 0x0000000705200000, 0x0000000705400000|  0%| F|  |TAMS 0x0000000705200000, 0x0000000705200000| Untracked 
|  42|0x0000000705400000, 0x0000000705400000, 0x0000000705600000|  0%| F|  |TAMS 0x0000000705400000, 0x0000000705400000| Untracked 
|  43|0x0000000705600000, 0x0000000705600000, 0x0000000705800000|  0%| F|  |TAMS 0x0000000705600000, 0x0000000705600000| Untracked 
|  44|0x0000000705800000, 0x0000000705800000, 0x0000000705a00000|  0%| F|  |TAMS 0x0000000705800000, 0x0000000705800000| Untracked 
|  45|0x0000000705a00000, 0x0000000705a00000, 0x0000000705c00000|  0%| F|  |TAMS 0x0000000705a00000, 0x0000000705a00000| Untracked 
|  46|0x0000000705c00000, 0x0000000705c00000, 0x0000000705e00000|  0%| F|  |TAMS 0x0000000705c00000, 0x0000000705c00000| Untracked 
|  47|0x0000000705e00000, 0x0000000705e00000, 0x0000000706000000|  0%| F|  |TAMS 0x0000000705e00000, 0x0000000705e00000| Untracked 
|  48|0x0000000706000000, 0x0000000706000000, 0x0000000706200000|  0%| F|  |TAMS 0x0000000706000000, 0x0000000706000000| Untracked 
|  49|0x0000000706200000, 0x0000000706200000, 0x0000000706400000|  0%| F|  |TAMS 0x0000000706200000, 0x0000000706200000| Untracked 
|  50|0x0000000706400000, 0x0000000706400000, 0x0000000706600000|  0%| F|  |TAMS 0x0000000706400000, 0x0000000706400000| Untracked 
|  51|0x0000000706600000, 0x0000000706600000, 0x0000000706800000|  0%| F|  |TAMS 0x0000000706600000, 0x0000000706600000| Untracked 
|  52|0x0000000706800000, 0x0000000706800000, 0x0000000706a00000|  0%| F|  |TAMS 0x0000000706800000, 0x0000000706800000| Untracked 
|  53|0x0000000706a00000, 0x0000000706a00000, 0x0000000706c00000|  0%| F|  |TAMS 0x0000000706a00000, 0x0000000706a00000| Untracked 
|  54|0x0000000706c00000, 0x0000000706c00000, 0x0000000706e00000|  0%| F|  |TAMS 0x0000000706c00000, 0x0000000706c00000| Untracked 
|  55|0x0000000706e00000, 0x0000000706e00000, 0x0000000707000000|  0%| F|  |TAMS 0x0000000706e00000, 0x0000000706e00000| Untracked 
|  56|0x0000000707000000, 0x0000000707000000, 0x0000000707200000|  0%| F|  |TAMS 0x0000000707000000, 0x0000000707000000| Untracked 
|  57|0x0000000707200000, 0x0000000707200000, 0x0000000707400000|  0%| F|  |TAMS 0x0000000707200000, 0x0000000707200000| Untracked 
|  58|0x0000000707400000, 0x0000000707400000, 0x0000000707600000|  0%| F|  |TAMS 0x0000000707400000, 0x0000000707400000| Untracked 
|  59|0x0000000707600000, 0x0000000707600000, 0x0000000707800000|  0%| F|  |TAMS 0x0000000707600000, 0x0000000707600000| Untracked 
|  60|0x0000000707800000, 0x0000000707800000, 0x0000000707a00000|  0%| F|  |TAMS 0x0000000707800000, 0x0000000707800000| Untracked 
|  61|0x0000000707a00000, 0x0000000707a00000, 0x0000000707c00000|  0%| F|  |TAMS 0x0000000707a00000, 0x0000000707a00000| Untracked 
|  62|0x0000000707c00000, 0x0000000707c00000, 0x0000000707e00000|  0%| F|  |TAMS 0x0000000707c00000, 0x0000000707c00000| Untracked 
|  63|0x0000000707e00000, 0x0000000707e00000, 0x0000000708000000|  0%| F|  |TAMS 0x0000000707e00000, 0x0000000707e00000| Untracked 
|  64|0x0000000708000000, 0x0000000708000000, 0x0000000708200000|  0%| F|  |TAMS 0x0000000708000000, 0x0000000708000000| Untracked 
|  65|0x0000000708200000, 0x0000000708200000, 0x0000000708400000|  0%| F|  |TAMS 0x0000000708200000, 0x0000000708200000| Untracked 
|  66|0x0000000708400000, 0x0000000708400000, 0x0000000708600000|  0%| F|  |TAMS 0x0000000708400000, 0x0000000708400000| Untracked 
|  67|0x0000000708600000, 0x0000000708600000, 0x0000000708800000|  0%| F|  |TAMS 0x0000000708600000, 0x0000000708600000| Untracked 
|  68|0x0000000708800000, 0x0000000708800000, 0x0000000708a00000|  0%| F|  |TAMS 0x0000000708800000, 0x0000000708800000| Untracked 
|  69|0x0000000708a00000, 0x0000000708a00000, 0x0000000708c00000|  0%| F|  |TAMS 0x0000000708a00000, 0x0000000708a00000| Untracked 
|  70|0x0000000708c00000, 0x0000000708c00000, 0x0000000708e00000|  0%| F|  |TAMS 0x0000000708c00000, 0x0000000708c00000| Untracked 
|  71|0x0000000708e00000, 0x0000000708e00000, 0x0000000709000000|  0%| F|  |TAMS 0x0000000708e00000, 0x0000000708e00000| Untracked 
|  72|0x0000000709000000, 0x0000000709000000, 0x0000000709200000|  0%| F|  |TAMS 0x0000000709000000, 0x0000000709000000| Untracked 
|  73|0x0000000709200000, 0x0000000709200000, 0x0000000709400000|  0%| F|  |TAMS 0x0000000709200000, 0x0000000709200000| Untracked 
|  74|0x0000000709400000, 0x0000000709400000, 0x0000000709600000|  0%| F|  |TAMS 0x0000000709400000, 0x0000000709400000| Untracked 
|  75|0x0000000709600000, 0x0000000709600000, 0x0000000709800000|  0%| F|  |TAMS 0x0000000709600000, 0x0000000709600000| Untracked 
|  76|0x0000000709800000, 0x0000000709800000, 0x0000000709a00000|  0%| F|  |TAMS 0x0000000709800000, 0x0000000709800000| Untracked 
|  77|0x0000000709a00000, 0x0000000709a00000, 0x0000000709c00000|  0%| F|  |TAMS 0x0000000709a00000, 0x0000000709a00000| Untracked 
|  78|0x0000000709c00000, 0x0000000709c00000, 0x0000000709e00000|  0%| F|  |TAMS 0x0000000709c00000, 0x0000000709c00000| Untracked 
|  79|0x0000000709e00000, 0x0000000709e00000, 0x000000070a000000|  0%| F|  |TAMS 0x0000000709e00000, 0x0000000709e00000| Untracked 
|  80|0x000000070a000000, 0x000000070a000000, 0x000000070a200000|  0%| F|  |TAMS 0x000000070a000000, 0x000000070a000000| Untracked 
|  81|0x000000070a200000, 0x000000070a200000, 0x000000070a400000|  0%| F|  |TAMS 0x000000070a200000, 0x000000070a200000| Untracked 
|  82|0x000000070a400000, 0x000000070a400000, 0x000000070a600000|  0%| F|  |TAMS 0x000000070a400000, 0x000000070a400000| Untracked 
|  83|0x000000070a600000, 0x000000070a600000, 0x000000070a800000|  0%| F|  |TAMS 0x000000070a600000, 0x000000070a600000| Untracked 
|  84|0x000000070a800000, 0x000000070a800000, 0x000000070aa00000|  0%| F|  |TAMS 0x000000070a800000, 0x000000070a800000| Untracked 
|  85|0x000000070aa00000, 0x000000070aa00000, 0x000000070ac00000|  0%| F|  |TAMS 0x000000070aa00000, 0x000000070aa00000| Untracked 
|  86|0x000000070ac00000, 0x000000070ac00000, 0x000000070ae00000|  0%| F|  |TAMS 0x000000070ac00000, 0x000000070ac00000| Untracked 
|  87|0x000000070ae00000, 0x000000070ae00000, 0x000000070b000000|  0%| F|  |TAMS 0x000000070ae00000, 0x000000070ae00000| Untracked 
|  88|0x000000070b000000, 0x000000070b000000, 0x000000070b200000|  0%| F|  |TAMS 0x000000070b000000, 0x000000070b000000| Untracked 
|  89|0x000000070b200000, 0x000000070b200000, 0x000000070b400000|  0%| F|  |TAMS 0x000000070b200000, 0x000000070b200000| Untracked 
|  90|0x000000070b400000, 0x000000070b400000, 0x000000070b600000|  0%| F|  |TAMS 0x000000070b400000, 0x000000070b400000| Untracked 
|  91|0x000000070b600000, 0x000000070b600000, 0x000000070b800000|  0%| F|  |TAMS 0x000000070b600000, 0x000000070b600000| Untracked 
|  92|0x000000070b800000, 0x000000070b800000, 0x000000070ba00000|  0%| F|  |TAMS 0x000000070b800000, 0x000000070b800000| Untracked 
|  93|0x000000070ba00000, 0x000000070ba00000, 0x000000070bc00000|  0%| F|  |TAMS 0x000000070ba00000, 0x000000070ba00000| Untracked 
|  94|0x000000070bc00000, 0x000000070bc00000, 0x000000070be00000|  0%| F|  |TAMS 0x000000070bc00000, 0x000000070bc00000| Untracked 
|  95|0x000000070be00000, 0x000000070be00000, 0x000000070c000000|  0%| F|  |TAMS 0x000000070be00000, 0x000000070be00000| Untracked 
|  96|0x000000070c000000, 0x000000070c000000, 0x000000070c200000|  0%| F|  |TAMS 0x000000070c000000, 0x000000070c000000| Untracked 
|  97|0x000000070c200000, 0x000000070c200000, 0x000000070c400000|  0%| F|  |TAMS 0x000000070c200000, 0x000000070c200000| Untracked 
|  98|0x000000070c400000, 0x000000070c400000, 0x000000070c600000|  0%| F|  |TAMS 0x000000070c400000, 0x000000070c400000| Untracked 
|  99|0x000000070c600000, 0x000000070c600000, 0x000000070c800000|  0%| F|  |TAMS 0x000000070c600000, 0x000000070c600000| Untracked 
| 100|0x000000070c800000, 0x000000070c800000, 0x000000070ca00000|  0%| F|  |TAMS 0x000000070c800000, 0x000000070c800000| Untracked 
| 101|0x000000070ca00000, 0x000000070ca00000, 0x000000070cc00000|  0%| F|  |TAMS 0x000000070ca00000, 0x000000070ca00000| Untracked 
| 102|0x000000070cc00000, 0x000000070cc00000, 0x000000070ce00000|  0%| F|  |TAMS 0x000000070cc00000, 0x000000070cc00000| Untracked 
| 103|0x000000070ce00000, 0x000000070ce00000, 0x000000070d000000|  0%| F|  |TAMS 0x000000070ce00000, 0x000000070ce00000| Untracked 
| 104|0x000000070d000000, 0x000000070d000000, 0x000000070d200000|  0%| F|  |TAMS 0x000000070d000000, 0x000000070d000000| Untracked 
| 105|0x000000070d200000, 0x000000070d200000, 0x000000070d400000|  0%| F|  |TAMS 0x000000070d200000, 0x000000070d200000| Untracked 
| 106|0x000000070d400000, 0x000000070d400000, 0x000000070d600000|  0%| F|  |TAMS 0x000000070d400000, 0x000000070d400000| Untracked 
| 107|0x000000070d600000, 0x000000070d600000, 0x000000070d800000|  0%| F|  |TAMS 0x000000070d600000, 0x000000070d600000| Untracked 
| 108|0x000000070d800000, 0x000000070d800000, 0x000000070da00000|  0%| F|  |TAMS 0x000000070d800000, 0x000000070d800000| Untracked 
| 109|0x000000070da00000, 0x000000070da00000, 0x000000070dc00000|  0%| F|  |TAMS 0x000000070da00000, 0x000000070da00000| Untracked 
| 110|0x000000070dc00000, 0x000000070dc00000, 0x000000070de00000|  0%| F|  |TAMS 0x000000070dc00000, 0x000000070dc00000| Untracked 
| 111|0x000000070de00000, 0x000000070de00000, 0x000000070e000000|  0%| F|  |TAMS 0x000000070de00000, 0x000000070de00000| Untracked 
| 112|0x000000070e000000, 0x000000070e000000, 0x000000070e200000|  0%| F|  |TAMS 0x000000070e000000, 0x000000070e000000| Untracked 
| 113|0x000000070e200000, 0x000000070e200000, 0x000000070e400000|  0%| F|  |TAMS 0x000000070e200000, 0x000000070e200000| Untracked 
| 114|0x000000070e400000, 0x000000070e400000, 0x000000070e600000|  0%| F|  |TAMS 0x000000070e400000, 0x000000070e400000| Untracked 
| 115|0x000000070e600000, 0x000000070e600000, 0x000000070e800000|  0%| F|  |TAMS 0x000000070e600000, 0x000000070e600000| Untracked 
| 116|0x000000070e800000, 0x000000070e800000, 0x000000070ea00000|  0%| F|  |TAMS 0x000000070e800000, 0x000000070e800000| Untracked 
| 117|0x000000070ea00000, 0x000000070ea00000, 0x000000070ec00000|  0%| F|  |TAMS 0x000000070ea00000, 0x000000070ea00000| Untracked 
| 118|0x000000070ec00000, 0x000000070ec00000, 0x000000070ee00000|  0%| F|  |TAMS 0x000000070ec00000, 0x000000070ec00000| Untracked 
| 119|0x000000070ee00000, 0x000000070ee00000, 0x000000070f000000|  0%| F|  |TAMS 0x000000070ee00000, 0x000000070ee00000| Untracked 
| 120|0x000000070f000000, 0x000000070f000000, 0x000000070f200000|  0%| F|  |TAMS 0x000000070f000000, 0x000000070f000000| Untracked 
| 121|0x000000070f200000, 0x000000070f200000, 0x000000070f400000|  0%| F|  |TAMS 0x000000070f200000, 0x000000070f200000| Untracked 
| 122|0x000000070f400000, 0x000000070f400000, 0x000000070f600000|  0%| F|  |TAMS 0x000000070f400000, 0x000000070f400000| Untracked 
| 123|0x000000070f600000, 0x000000070f600000, 0x000000070f800000|  0%| F|  |TAMS 0x000000070f600000, 0x000000070f600000| Untracked 
| 124|0x000000070f800000, 0x000000070f800000, 0x000000070fa00000|  0%| F|  |TAMS 0x000000070f800000, 0x000000070f800000| Untracked 
| 125|0x000000070fa00000, 0x000000070fa00000, 0x000000070fc00000|  0%| F|  |TAMS 0x000000070fa00000, 0x000000070fa00000| Untracked 
| 126|0x000000070fc00000, 0x000000070fc712a8, 0x000000070fe00000| 22%| E|  |TAMS 0x000000070fc00000, 0x000000070fc00000| Complete 
| 127|0x000000070fe00000, 0x0000000710000000, 0x0000000710000000|100%| E|CS|TAMS 0x000000070fe00000, 0x000000070fe00000| Complete 
|1534|0x00000007bfc00000, 0x00000007bfd51000, 0x00000007bfe00000| 65%|OA|  |TAMS 0x00000007bfc00000, 0x00000007bfc00000| Untracked 
|1535|0x00000007bfe00000, 0x00000007bfe79000, 0x00000007c0000000| 23%|CA|  |TAMS 0x00000007bfe00000, 0x00000007bfe00000| Untracked 

Card table byte_map: [0x000000012877a000,0x0000000128f7a000] _byte_map_base: 0x0000000124f7a000

Marking Bits (Prev, Next): (CMBitMap*) 0x00007fee8102b610, (CMBitMap*) 0x00007fee8102b650
 Prev Bits: [0x000000012977a000, 0x000000012d77a000)
 Next Bits: [0x000000012d77a000, 0x000000013177a000)

Polling page: 0x00000001021ff000

Metaspace:

Usage:
  Non-class:      4.01 MB capacity,   514.76 KB ( 13%) used,     3.51 MB ( 87%) free+waste,   384 bytes ( <1%) overhead. 
      Class:    389.00 KB capacity,    50.00 KB ( 13%) used,   338.75 KB ( 87%) free+waste,   256 bytes ( <1%) overhead. 
       Both:      4.39 MB capacity,   564.76 KB ( 13%) used,     3.84 MB ( 87%) free+waste,   640 bytes ( <1%) overhead. 

Virtual space:
  Non-class space:        8.00 MB reserved,       4.25 MB ( 53%) committed 
      Class space:        1.00 GB reserved,     512.00 KB ( <1%) committed 
             Both:        1.01 GB reserved,       4.75 MB ( <1%) committed 

Chunk freelists:
   Non-Class:  2.00 KB
       Class:  1.00 KB
        Both:  3.00 KB

MaxMetaspaceSize: 17179869184.00 GB
CompressedClassSpaceSize: 1.00 GB

CodeHeap 'non-profiled nmethods': size=120028Kb used=59Kb max_used=59Kb free=119968Kb
 bounds [0x0000000120a43000, 0x0000000120cb3000, 0x0000000127f7a000]
CodeHeap 'profiled nmethods': size=120028Kb used=218Kb max_used=218Kb free=119809Kb
 bounds [0x000000011950c000, 0x000000011977c000, 0x0000000120a43000]
CodeHeap 'non-nmethods': size=5704Kb used=1114Kb max_used=1115Kb free=4590Kb
 bounds [0x0000000118f7a000, 0x00000001191ea000, 0x000000011950c000]
 total_blobs=561 nmethods=200 adapters=276
 compilation: enabled
              stopped_count=0, restarted_count=0
 full_count=0

Compilation events (20 events):
Event: 0.161 Thread 0x00007fee810dfc00  192       4       java.util.zip.ZipCoder$UTF8ZipCoder::normalizedHash (81 bytes)
Event: 0.161 Thread 0x00007fee80808e00  194       3       java.lang.String::indexOf (29 bytes)
Event: 0.162 Thread 0x00007fee80808e00 nmethod 194 0x0000000119540690 code [0x0000000119540840, 0x0000000119540ad0]
Event: 0.162 Thread 0x00007fee80808e00  196       3       java.util.Arrays::copyOf (19 bytes)
Event: 0.163 Thread 0x00007fee80808e00 nmethod 196 0x0000000119540b90 code [0x0000000119540d40, 0x0000000119541020]
Event: 0.164 Thread 0x00007fee80808e00  197       3       java.lang.AbstractStringBuilder::newCapacity (59 bytes)
Event: 0.164 Thread 0x00007fee80808e00 nmethod 197 0x0000000119541190 code [0x0000000119541380, 0x00000001195418d0]
Event: 0.165 Thread 0x00007fee810dfc00 nmethod 192 0x0000000120a51090 code [0x0000000120a51200, 0x0000000120a51518]
Event: 0.165 Thread 0x00007fee810dfc00  195       4       java.lang.String::equals (50 bytes)
Event: 0.165 Thread 0x00007fee810dfc00 nmethod 195 0x0000000120a51690 code [0x0000000120a51800, 0x0000000120a519b8]
Event: 0.165 Thread 0x00007fee810dfc00  193       4       java.util.zip.ZipFile$Source::addEntry (33 bytes)
Event: 0.166 Thread 0x00007fee810dfc00 nmethod 193 0x0000000120a51a90 code [0x0000000120a51c00, 0x0000000120a51cf8]
Event: 0.168 Thread 0x00007fee80808e00  198       3       java.lang.String::indexOf (7 bytes)
Event: 0.169 Thread 0x00007fee80808e00 nmethod 198 0x0000000119541b10 code [0x0000000119541ce0, 0x0000000119541fd0]
Event: 0.169 Thread 0x00007fee80808e00  199       3       java.lang.System::getSecurityManager (12 bytes)
Event: 0.169 Thread 0x00007fee80808e00 nmethod 199 0x0000000119542110 code [0x00000001195422a0, 0x0000000119542410]
Event: 0.169 Thread 0x00007fee80808e00  200       3       java.lang.System::allowSecurityManager (13 bytes)
Event: 0.169 Thread 0x00007fee80808e00 nmethod 200 0x0000000119542490 code [0x0000000119542620, 0x0000000119542710]
Event: 0.172 Thread 0x00007fee80808e00  201       3       java.lang.String::isEmpty (14 bytes)
Event: 0.173 Thread 0x00007fee80808e00 nmethod 201 0x0000000119542790 code [0x0000000119542920, 0x0000000119542a90]

GC Heap History (0 events):
No events

Deoptimization events (4 events):
Event: 0.155 Thread 0x00007fee81009000 Uncommon trap: trap_request=0xfffffff4 fr.pc=0x0000000120a50510 relative=0x0000000000000190
Event: 0.155 Thread 0x00007fee81009000 Uncommon trap: reason=null_check action=make_not_entrant pc=0x0000000120a50510 method=java.lang.String.equals(Ljava/lang/Object;)Z @ 8 c2
Event: 0.155 Thread 0x00007fee81009000 DEOPT PACKING pc=0x0000000120a50510 sp=0x0000000308a66640
Event: 0.155 Thread 0x00007fee81009000 DEOPT UNPACKING pc=0x0000000118fc7e1f sp=0x0000000308a66608 mode 2

Classes unloaded (0 events):
No events

Classes redefined (0 events):
No events

Internal exceptions (1 events):
Event: 0.154 Thread 0x00007fee81009000 Implicit null exception at 0x0000000120a503b5 to 0x0000000120a50500

Events (20 events):
Event: 0.153 loading class java/util/TreeMap$KeySet done
Event: 0.153 loading class java/util/TreeMap$KeyIterator
Event: 0.153 loading class java/util/TreeMap$KeyIterator done
Event: 0.156 Loaded shared library /Library/Java/JavaVirtualMachines/jdk-15.0.1.jdk/Contents/Home/lib/libzip.dylib
Event: 0.165 loading class sun/instrument/InstrumentationImpl$1
Event: 0.165 loading class sun/instrument/InstrumentationImpl$1 done
Event: 0.167 loading class java/lang/reflect/InvocationTargetException
Event: 0.167 loading class java/lang/reflect/InvocationTargetException done
Event: 0.168 loading class java/io/Reader
Event: 0.168 loading class java/io/Reader done
Event: 0.168 loading class java/io/InputStreamReader
Event: 0.168 loading class java/io/InputStreamReader done
Event: 0.169 Thread 0x00007fee80861c00 Thread added: 0x00007fee80861c00
Event: 0.169 Protecting memory [0x00000003099a5000,0x00000003099a9000] with protection modes 0
Event: 0.169 Thread 0x00007fee80113200 Thread added: 0x00007fee80113200
Event: 0.169 Protecting memory [0x0000000309aa8000,0x0000000309aac000] with protection modes 0
Event: 0.170 loading class java/net/Socket
Event: 0.170 loading class java/net/Socket done
Event: 0.171 loading class jdk/internal/loader/URLClassPath$FileLoader$1
Event: 0.171 loading class jdk/internal/loader/URLClassPath$FileLoader$1 done


Dynamic libraries:
0x00007ffdffc8b000 	/Library/Apple/usr/libexec/oah/runtime
0x00007fff2a664000 	/usr/lib/libz.1.dylib
0x000000010a4a3000 	/Library/Java/JavaVirtualMachines/jdk-15.0.1.jdk/Contents/Home/lib/libjli.dylib
0x00007fff35302000 	/System/Library/Frameworks/Cocoa.framework/Versions/A/Cocoa
0x00007fff221c1000 	/System/Library/Frameworks/Security.framework/Versions/A/Security
0x00007fff33501000 	/System/Library/Frameworks/ApplicationServices.framework/Versions/A/ApplicationServices
0x00007fff2a730000 	/usr/lib/libSystem.B.dylib
0x00007fff2a72a000 	/usr/lib/system/libcache.dylib
0x00007fff2a6e6000 	/usr/lib/system/libcommonCrypto.dylib
0x00007fff2a710000 	/usr/lib/system/libcompiler_rt.dylib
0x00007fff2a705000 	/usr/lib/system/libcopyfile.dylib
0x00007fff20162000 	/usr/lib/system/libcorecrypto.dylib
0x00007fff2022e000 	/usr/lib/system/libdispatch.dylib
0x00007fff203e3000 	/usr/lib/system/libdyld.dylib
0x00007fff2a721000 	/usr/lib/system/libkeymgr.dylib
0x00007fff2dcbf000 	/usr/lib/system/liblaunch.dylib
0x00007fff2a6c4000 	/usr/lib/system/libmacho.dylib
0x00007fff29eda000 	/usr/lib/system/libquarantine.dylib
0x00007fff2a71e000 	/usr/lib/system/libremovefile.dylib
0x00007fff24b56000 	/usr/lib/system/libsystem_asl.dylib
0x00007fff20112000 	/usr/lib/system/libsystem_blocks.dylib
0x00007fff202b0000 	/usr/lib/system/libsystem_c.dylib
0x00007fff2a718000 	/usr/lib/system/libsystem_collections.dylib
0x00007fff292c7000 	/usr/lib/system/libsystem_configuration.dylib
0x00007fff285b7000 	/usr/lib/system/libsystem_containermanager.dylib
0x00007fff2a45c000 	/usr/lib/system/libsystem_coreservices.dylib
0x00007fff22775000 	/usr/lib/system/libsystem_darwin.dylib
0x00007fff2a722000 	/usr/lib/system/libsystem_dnssd.dylib
0x00007fff202ad000 	/usr/lib/system/libsystem_featureflags.dylib
0x00007fff20428000 	/usr/lib/system/libsystem_info.dylib
0x00007fff2a677000 	/usr/lib/system/libsystem_m.dylib
0x00007fff20201000 	/usr/lib/system/libsystem_malloc.dylib
0x00007fff24aea000 	/usr/lib/system/libsystem_networkextension.dylib
0x00007fff22b8f000 	/usr/lib/system/libsystem_notify.dylib
0x00007fff3016c000 	/usr/lib/system/libsystem_product_info_filter.dylib
0x00007fff292cb000 	/usr/lib/system/libsystem_sandbox.dylib
0x00007fff2a71b000 	/usr/lib/system/libsystem_secinit.dylib
0x00007fff203a8000 	/usr/lib/system/libsystem_kernel.dylib
0x00007fff2041e000 	/usr/lib/system/libsystem_platform.dylib
0x00007fff203d7000 	/usr/lib/system/libsystem_pthread.dylib
0x00007fff26283000 	/usr/lib/system/libsystem_symptoms.dylib
0x00007fff2014a000 	/usr/lib/system/libsystem_trace.dylib
0x00007fff2a6f2000 	/usr/lib/system/libunwind.dylib
0x00007fff20114000 	/usr/lib/system/libxpc.dylib
0x00007fff2038f000 	/usr/lib/libc++abi.dylib
0x00007fff20273000 	/usr/lib/libobjc.A.dylib
0x00007fff2a6fd000 	/usr/lib/liboah.dylib
0x00007fff20339000 	/usr/lib/libc++.1.dylib
0x00007fff20454000 	/System/Library/Frameworks/CoreFoundation.framework/Versions/A/CoreFoundation
0x00007fff21136000 	/System/Library/Frameworks/Foundation.framework/Versions/C/Foundation
0x00007fff22be7000 	/System/Library/Frameworks/AppKit.framework/Versions/C/AppKit
0x00007fff25aa3000 	/System/Library/Frameworks/CoreData.framework/Versions/A/CoreData
0x00007fff2394a000 	/System/Library/PrivateFrameworks/UIFoundation.framework/Versions/A/UIFoundation
0x00007fff2fee5000 	/System/Library/PrivateFrameworks/RemoteViewServices.framework/Versions/A/RemoteViewServices
0x00007fff28c81000 	/System/Library/PrivateFrameworks/XCTTargetBootstrap.framework/Versions/A/XCTTargetBootstrap
0x00007fff2b9cd000 	/usr/lib/libspindump.dylib
0x00007fff23b9e000 	/System/Library/Frameworks/UniformTypeIdentifiers.framework/Versions/A/UniformTypeIdentifiers
0x00007fff27458000 	/usr/lib/libapp_launch_measurement.dylib
0x00007fff2745b000 	/System/Library/PrivateFrameworks/CoreAutoLayout.framework/Versions/A/CoreAutoLayout
0x00007fff285e3000 	/System/Library/Frameworks/Metal.framework/Versions/A/Metal
0x00007fff292d6000 	/usr/lib/liblangid.dylib
0x00007fff28c85000 	/System/Library/PrivateFrameworks/CoreSVG.framework/Versions/A/CoreSVG
0x00007fff24b85000 	/System/Library/PrivateFrameworks/SkyLight.framework/Versions/A/SkyLight
0x00007fff24eeb000 	/System/Library/Frameworks/CoreGraphics.framework/Versions/A/CoreGraphics
0x00007fff3053c000 	/System/Library/Frameworks/Accelerate.framework/Versions/A/Accelerate
0x00007fff2b408000 	/System/Library/PrivateFrameworks/IconServices.framework/Versions/A/IconServices
0x00007fff285c8000 	/System/Library/Frameworks/IOSurface.framework/Versions/A/IOSurface
0x00007fff26435000 	/usr/lib/libDiagnosticMessagesClient.dylib
0x00007fff28c6d000 	/System/Library/PrivateFrameworks/DFRFoundation.framework/Versions/A/DFRFoundation
0x00007fff22513000 	/usr/lib/libicucore.A.dylib
0x00007fff2cf0d000 	/System/Library/Frameworks/AudioToolbox.framework/Versions/A/AudioToolbox
0x00007fff2c1b3000 	/System/Library/PrivateFrameworks/DataDetectorsCore.framework/Versions/A/DataDetectorsCore
0x00007fff2896d000 	/System/Library/Frameworks/Carbon.framework/Versions/A/Frameworks/HIToolbox.framework/Versions/A/HIToolbox
0x00007fff26eb0000 	/System/Library/Frameworks/QuartzCore.framework/Versions/A/QuartzCore
0x00007fff2ff21000 	/System/Library/Frameworks/Carbon.framework/Versions/A/Frameworks/SpeechRecognition.framework/Versions/A/SpeechRecognition
0x00007fff271c0000 	/System/Library/PrivateFrameworks/CoreUI.framework/Versions/A/CoreUI
0x00007fff21b1d000 	/System/Library/Frameworks/CoreAudio.framework/Versions/A/CoreAudio
0x00007fff26520000 	/System/Library/Frameworks/DiskArbitration.framework/Versions/A/DiskArbitration
0x00007fff2bdc7000 	/System/Library/PrivateFrameworks/MultitouchSupport.framework/Versions/A/MultitouchSupport
0x00007fff2c1aa000 	/System/Library/PrivateFrameworks/InternationalSupport.framework/Versions/A/InternationalSupport
0x00007fff24af9000 	/usr/lib/libenergytrace.dylib
0x00007fff22ae1000 	/System/Library/Frameworks/IOKit.framework/Versions/A/IOKit
0x00007fff3026e000 	/System/Library/Frameworks/CoreServices.framework/Versions/A/CoreServices
0x00007fff273ee000 	/System/Library/PrivateFrameworks/PerformanceAnalysis.framework/Versions/A/PerformanceAnalysis
0x00007fff6cb77000 	/System/Library/Frameworks/OpenGL.framework/Versions/A/OpenGL
0x00007fff2c22f000 	/System/Library/PrivateFrameworks/UserActivity.framework/Versions/A/UserActivity
0x00007fff255a5000 	/System/Library/Frameworks/ColorSync.framework/Versions/A/ColorSync
0x00007fff28eed000 	/System/Library/Frameworks/CoreImage.framework/Versions/A/CoreImage
0x00007fff21934000 	/System/Library/Frameworks/CoreText.framework/Versions/A/CoreText
0x00007fff28caf000 	/System/Library/Frameworks/ImageIO.framework/Versions/A/ImageIO
0x00007fff2a736000 	/System/Library/PrivateFrameworks/SoftLinking.framework/Versions/A/SoftLinking
0x00007fff274a4000 	/usr/lib/libxml2.2.dylib
0x00007fff2a9a8000 	/usr/lib/libcompression.dylib
0x00007fff24afa000 	/usr/lib/libMobileGestalt.dylib
0x00007fff2c0dd000 	/System/Library/PrivateFrameworks/TextureIO.framework/Versions/A/TextureIO
0x00007fff2b095000 	/usr/lib/libate.dylib
0x00007fff2adc1000 	/usr/lib/liblzma.5.dylib
0x00007fff20e4a000 	/System/Library/Frameworks/SystemConfiguration.framework/Versions/A/SystemConfiguration
0x00007fff2a732000 	/usr/lib/libfakelink.dylib
0x00007fff2464c000 	/System/Library/Frameworks/CFNetwork.framework/Versions/A/CFNetwork
0x00007fff2a872000 	/usr/lib/libarchive.2.dylib
0x00007fff20ec8000 	/usr/lib/libCRFSuite.dylib
0x00007fff29f01000 	/usr/lib/libbsm.0.dylib
0x00007fff24008000 	/usr/lib/libnetwork.dylib
0x00007fff2a737000 	/usr/lib/libpcap.A.dylib
0x00007fff2627c000 	/usr/lib/libdns_services.dylib
0x00007fff2adda000 	/usr/lib/libcoretls_cfhelpers.dylib
0x00007fff2a976000 	/usr/lib/libapple_nghttp2.dylib
0x00007fff2a6ca000 	/usr/lib/system/libkxld.dylib
0x00007fff25eea000 	/usr/lib/libsqlite3.dylib
0x00007fff2a43e000 	/System/Library/PrivateFrameworks/AppleFSCompression.framework/Versions/A/AppleFSCompression
0x00007fff29ee9000 	/usr/lib/libcoretls.dylib
0x00007fff2a9a3000 	/usr/lib/libpam.2.dylib
0x00007fff2aed6000 	/usr/lib/libxar.1.dylib
0x00007fff292d2000 	/System/Library/PrivateFrameworks/AppleSystemInfo.framework/Versions/A/AppleSystemInfo
0x00007fff29b2c000 	/System/Library/PrivateFrameworks/IOMobileFramebuffer.framework/Versions/A/IOMobileFramebuffer
0x00007fff2a44e000 	/usr/lib/libbz2.1.0.dylib
0x00007fff2a76f000 	/usr/lib/libiconv.2.dylib
0x00007fff2a6c3000 	/usr/lib/libcharset.1.dylib
0x00007fff2742a000 	/System/Library/Frameworks/CoreServices.framework/Versions/A/Frameworks/FSEvents.framework/Versions/A/FSEvents
0x00007fff2277f000 	/System/Library/Frameworks/CoreServices.framework/Versions/A/Frameworks/CarbonCore.framework/Versions/A/CarbonCore
0x00007fff26485000 	/System/Library/Frameworks/CoreServices.framework/Versions/A/Frameworks/Metadata.framework/Versions/A/Metadata
0x00007fff2a461000 	/System/Library/Frameworks/CoreServices.framework/Versions/A/Frameworks/OSServices.framework/Versions/A/OSServices
0x00007fff2a8e4000 	/System/Library/Frameworks/CoreServices.framework/Versions/A/Frameworks/SearchKit.framework/Versions/A/SearchKit
0x00007fff26206000 	/System/Library/Frameworks/CoreServices.framework/Versions/A/Frameworks/AE.framework/Versions/A/AE
0x00007fff208f0000 	/System/Library/Frameworks/CoreServices.framework/Versions/A/Frameworks/LaunchServices.framework/Versions/A/LaunchServices
0x00007fff2ad72000 	/System/Library/Frameworks/CoreServices.framework/Versions/A/Frameworks/DictionaryServices.framework/Versions/A/DictionaryServices
0x00007fff27433000 	/System/Library/Frameworks/CoreServices.framework/Versions/A/Frameworks/SharedFileList.framework/Versions/A/SharedFileList
0x00007fff29edd000 	/usr/lib/libCheckFix.dylib
0x00007fff24b6d000 	/System/Library/PrivateFrameworks/TCC.framework/Versions/A/TCC
0x00007fff292d8000 	/System/Library/PrivateFrameworks/CoreNLP.framework/Versions/A/CoreNLP
0x00007fff26438000 	/System/Library/PrivateFrameworks/MetadataUtilities.framework/Versions/A/MetadataUtilities
0x00007fff20efe000 	/usr/lib/libmecabra.dylib
0x00007fff2a1f1000 	/System/Library/Frameworks/MLCompute.framework/Versions/A/MLCompute
0x00007fff29f12000 	/usr/lib/libmecab.dylib
0x00007fff29f5c000 	/usr/lib/libgermantok.dylib
0x00007fff2a94c000 	/usr/lib/libThaiTokenizer.dylib
0x00007fff2af11000 	/usr/lib/libChineseTokenizer.dylib
0x00007fff2a9a1000 	/System/Library/Frameworks/MetalPerformanceShaders.framework/Versions/A/MetalPerformanceShaders
0x00007fff26527000 	/System/Library/Frameworks/Accelerate.framework/Versions/A/Frameworks/vImage.framework/Versions/A/vImage
0x00007fff30247000 	/System/Library/Frameworks/Accelerate.framework/Versions/A/Frameworks/vecLib.framework/Versions/A/vecLib
0x00007fff2af1c000 	/System/Library/Frameworks/Accelerate.framework/Versions/A/Frameworks/vecLib.framework/Versions/A/libvMisc.dylib
0x00007fff29988000 	/System/Library/Frameworks/Accelerate.framework/Versions/A/Frameworks/vecLib.framework/Versions/A/libvDSP.dylib
0x00007fff20bf4000 	/System/Library/Frameworks/Accelerate.framework/Versions/A/Frameworks/vecLib.framework/Versions/A/libBLAS.dylib
0x00007fff2a9c7000 	/System/Library/Frameworks/Accelerate.framework/Versions/A/Frameworks/vecLib.framework/Versions/A/libLAPACK.dylib
0x00007fff29f62000 	/System/Library/Frameworks/Accelerate.framework/Versions/A/Frameworks/vecLib.framework/Versions/A/libLinearAlgebra.dylib
0x00007fff2a98e000 	/System/Library/Frameworks/Accelerate.framework/Versions/A/Frameworks/vecLib.framework/Versions/A/libSparseBLAS.dylib
0x00007fff2a9c1000 	/System/Library/Frameworks/Accelerate.framework/Versions/A/Frameworks/vecLib.framework/Versions/A/libQuadrature.dylib
0x00007fff29380000 	/System/Library/Frameworks/Accelerate.framework/Versions/A/Frameworks/vecLib.framework/Versions/A/libBNNS.dylib
0x00007fff20ddb000 	/System/Library/Frameworks/Accelerate.framework/Versions/A/Frameworks/vecLib.framework/Versions/A/libSparse.dylib
0x00007fff2926b000 	/System/Library/Frameworks/MetalPerformanceShaders.framework/Versions/A/Frameworks/MPSCore.framework/Versions/A/MPSCore
0x00007fff2a3ad000 	/System/Library/Frameworks/MetalPerformanceShaders.framework/Versions/A/Frameworks/MPSImage.framework/Versions/A/MPSImage
0x00007fff29f79000 	/System/Library/Frameworks/MetalPerformanceShaders.framework/Versions/A/Frameworks/MPSNeuralNetwork.framework/Versions/A/MPSNeuralNetwork
0x00007fff2a338000 	/System/Library/Frameworks/MetalPerformanceShaders.framework/Versions/A/Frameworks/MPSMatrix.framework/Versions/A/MPSMatrix
0x00007fff2a1a1000 	/System/Library/Frameworks/MetalPerformanceShaders.framework/Versions/A/Frameworks/MPSRayIntersector.framework/Versions/A/MPSRayIntersector
0x00007fff2a36f000 	/System/Library/Frameworks/MetalPerformanceShaders.framework/Versions/A/Frameworks/MPSNDArray.framework/Versions/A/MPSNDArray
0x00007fff20b20000 	/System/Library/PrivateFrameworks/MetalTools.framework/Versions/A/MetalTools
0x00007fff292d0000 	/System/Library/PrivateFrameworks/AggregateDictionary.framework/Versions/A/AggregateDictionary
0x00007fff26410000 	/System/Library/PrivateFrameworks/CoreAnalytics.framework/Versions/A/CoreAnalytics
0x00007fff2a94e000 	/System/Library/PrivateFrameworks/AppleSauce.framework/Versions/A/AppleSauce
0x00007fff285da000 	/System/Library/PrivateFrameworks/IOAccelerator.framework/Versions/A/IOAccelerator
0x00007fff6cb6b000 	/System/Library/Frameworks/OpenGL.framework/Versions/A/Libraries/libCoreFSCache.dylib
0x00007fff2149a000 	/System/Library/PrivateFrameworks/LanguageModeling.framework/Versions/A/LanguageModeling
0x00007fff29b19000 	/System/Library/PrivateFrameworks/CoreEmoji.framework/Versions/A/CoreEmoji
0x00007fff29379000 	/System/Library/PrivateFrameworks/LinguisticData.framework/Versions/A/LinguisticData
0x00007fff20d8d000 	/System/Library/PrivateFrameworks/Lexicon.framework/Versions/A/Lexicon
0x00007fff2a860000 	/usr/lib/libcmph.dylib
0x00007fff2740a000 	/System/Library/Frameworks/OpenDirectory.framework/Versions/A/Frameworks/CFOpenDirectory.framework/Versions/A/CFOpenDirectory
0x00007fff273fa000 	/System/Library/Frameworks/OpenDirectory.framework/Versions/A/OpenDirectory
0x00007fff2addc000 	/System/Library/PrivateFrameworks/APFS.framework/Versions/A/APFS
0x00007fff29e3e000 	/System/Library/Frameworks/SecurityFoundation.framework/Versions/A/SecurityFoundation
0x00007fff2aee4000 	/usr/lib/libutil.dylib
0x00007fff22aa6000 	/System/Library/PrivateFrameworks/CoreServicesStore.framework/Versions/A/CoreServicesStore
0x00007fff29ed5000 	/System/Library/Frameworks/ServiceManagement.framework/Versions/A/ServiceManagement
0x00007fff2aee8000 	/usr/lib/libxslt.1.dylib
0x00007fff29ecb000 	/System/Library/PrivateFrameworks/BackgroundTaskManagement.framework/Versions/A/BackgroundTaskManagement
0x00007fff2c028000 	/System/Library/Frameworks/ImageIO.framework/Versions/A/Resources/libRadiance.dylib
0x00007fff2c031000 	/System/Library/Frameworks/ImageIO.framework/Versions/A/Resources/libJPEG.dylib
0x00007fff2bf81000 	/System/Library/Frameworks/ImageIO.framework/Versions/A/Resources/libPng.dylib
0x00007fff2bfa8000 	/System/Library/Frameworks/ImageIO.framework/Versions/A/Resources/libTIFF.dylib
0x00007fff2c086000 	/System/Library/Frameworks/ImageIO.framework/Versions/A/Resources/libGIF.dylib
0x00007fff2bce5000 	/System/Library/Frameworks/ImageIO.framework/Versions/A/Resources/libJP2.dylib
0x00007fff2b3cf000 	/usr/lib/libexpat.1.dylib
0x00007fff2bc9a000 	/System/Library/PrivateFrameworks/AppleJPEG.framework/Versions/A/AppleJPEG
0x00007fff28810000 	/System/Library/PrivateFrameworks/FontServices.framework/libFontParser.dylib
0x00007fff261ba000 	/System/Library/PrivateFrameworks/RunningBoardServices.framework/Versions/A/RunningBoardServices
0x00007fff2bdc3000 	/System/Library/PrivateFrameworks/WatchdogClient.framework/Versions/A/WatchdogClient
0x00007fff21587000 	/System/Library/Frameworks/CoreDisplay.framework/Versions/A/CoreDisplay
0x00007fff28726000 	/System/Library/Frameworks/CoreMedia.framework/Versions/A/CoreMedia
0x00007fff27587000 	/System/Library/Frameworks/CoreVideo.framework/Versions/A/CoreVideo
0x00007fff2bdfb000 	/System/Library/Frameworks/VideoToolbox.framework/Versions/A/VideoToolbox
0x00007fff26138000 	/System/Library/PrivateFrameworks/BaseBoard.framework/Versions/A/BaseBoard
0x00007fff2b514000 	/System/Library/PrivateFrameworks/PersistentConnection.framework/Versions/A/PersistentConnection
0x00007fff25ed3000 	/System/Library/PrivateFrameworks/ProtocolBuffer.framework/Versions/A/ProtocolBuffer
0x00007fff2611f000 	/System/Library/PrivateFrameworks/CommonUtilities.framework/Versions/A/CommonUtilities
0x00007fff2bc2f000 	/System/Library/PrivateFrameworks/Bom.framework/Versions/A/Bom
0x00007fff2c021000 	/System/Library/PrivateFrameworks/GPUWrangler.framework/Versions/A/GPUWrangler
0x00007fff2c006000 	/System/Library/PrivateFrameworks/IOPresentment.framework/Versions/A/IOPresentment
0x00007fff2c02b000 	/System/Library/PrivateFrameworks/DSExternalDisplay.framework/Versions/A/DSExternalDisplay
0x00007fff2c08b000 	/System/Library/PrivateFrameworks/CMCaptureCore.framework/Versions/A/CMCaptureCore
0x00007fff2b9b4000 	/System/Library/PrivateFrameworks/AppServerSupport.framework/Versions/A/AppServerSupport
0x00007fff2da5e000 	/System/Library/PrivateFrameworks/perfdata.framework/Versions/A/perfdata
0x00007fff29e2d000 	/System/Library/PrivateFrameworks/AssertionServices.framework/Versions/A/AssertionServices
0x00007fff216be000 	/System/Library/PrivateFrameworks/AudioToolboxCore.framework/Versions/A/AudioToolboxCore
0x00007fff28709000 	/System/Library/PrivateFrameworks/caulk.framework/Versions/A/caulk
0x00007fff3d6eb000 	/System/Library/PrivateFrameworks/SystemPolicy.framework/Versions/A/SystemPolicy
0x00007fff2b1c4000 	/usr/lib/libIOReport.dylib
0x00007fff2d280000 	/usr/lib/libSMC.dylib
0x00007fff2bf4e000 	/usr/lib/libAudioToolboxUtility.dylib
0x00007fff3e055000 	/usr/lib/libmis.dylib
0x00007fff6cbc7000 	/System/Library/Frameworks/OpenGL.framework/Versions/A/Libraries/libGLU.dylib
0x00007fff6cb8a000 	/System/Library/Frameworks/OpenGL.framework/Versions/A/Libraries/libGFXShared.dylib
0x00007fff6cd99000 	/System/Library/Frameworks/OpenGL.framework/Versions/A/Libraries/libGL.dylib
0x00007fff6cb93000 	/System/Library/Frameworks/OpenGL.framework/Versions/A/Libraries/libGLImage.dylib
0x00007fff6cb87000 	/System/Library/Frameworks/OpenGL.framework/Versions/A/Libraries/libCVMSPluginSupport.dylib
0x00007fff6cb72000 	/System/Library/Frameworks/OpenGL.framework/Versions/A/Libraries/libCoreVMClient.dylib
0x00007fff6e1da000 	/System/Library/Frameworks/OpenCL.framework/Versions/A/OpenCL
0x00007fff2b53e000 	/System/Library/PrivateFrameworks/GraphVisualizer.framework/Versions/A/GraphVisualizer
0x00007fff2b54d000 	/System/Library/PrivateFrameworks/FaceCore.framework/Versions/A/FaceCore
0x00007fff2b969000 	/System/Library/PrivateFrameworks/OTSVG.framework/Versions/A/OTSVG
0x00007fff2717e000 	/System/Library/Frameworks/ApplicationServices.framework/Versions/A/Frameworks/ATS.framework/Versions/A/Resources/libFontRegistry.dylib
0x00007fff2b9bb000 	/System/Library/PrivateFrameworks/FontServices.framework/libhvf.dylib
0x00007fff2b37b000 	/System/Library/PrivateFrameworks/AppleVA.framework/Versions/A/AppleVA
0x00007fff2d0c9000 	/System/Library/Frameworks/ApplicationServices.framework/Versions/A/Frameworks/ATS.framework/Versions/A/ATS
0x00007fff2d3db000 	/System/Library/Frameworks/ApplicationServices.framework/Versions/A/Frameworks/ColorSyncLegacy.framework/Versions/A/ColorSyncLegacy
0x00007fff2569c000 	/System/Library/Frameworks/ApplicationServices.framework/Versions/A/Frameworks/HIServices.framework/Versions/A/HIServices
0x00007fff2d3c0000 	/System/Library/Frameworks/ApplicationServices.framework/Versions/A/Frameworks/LangAnalysis.framework/Versions/A/LangAnalysis
0x00007fff2c095000 	/System/Library/Frameworks/ApplicationServices.framework/Versions/A/Frameworks/PrintCore.framework/Versions/A/PrintCore
0x00007fff2d3e3000 	/System/Library/Frameworks/ApplicationServices.framework/Versions/A/Frameworks/QD.framework/Versions/A/QD
0x00007fff2d0b9000 	/System/Library/Frameworks/ApplicationServices.framework/Versions/A/Frameworks/SpeechSynthesis.framework/Versions/A/SpeechSynthesis
0x00007fff2c056000 	/System/Library/Frameworks/ApplicationServices.framework/Versions/A/Frameworks/ATSUI.framework/Versions/A/ATSUI
0x00007fff2d360000 	/usr/lib/libcups.2.dylib
0x00007fff2d3d0000 	/System/Library/PrivateFrameworks/NetAuth.framework/Versions/A/NetAuth
0x00007fff2da7a000 	/System/Library/Frameworks/Kerberos.framework/Versions/A/Kerberos
0x00007fff2da8a000 	/System/Library/Frameworks/GSS.framework/Versions/A/GSS
0x00007fff2d135000 	/usr/lib/libresolv.9.dylib
0x00007fff2b9d0000 	/System/Library/PrivateFrameworks/Heimdal.framework/Versions/A/Heimdal
0x00007fff33801000 	/System/Library/Frameworks/Kerberos.framework/Versions/A/Libraries/libHeimdalProxy.dylib
0x00007fff2628b000 	/System/Library/Frameworks/Network.framework/Versions/A/Network
0x00007fff2b3e9000 	/usr/lib/libheimdal-asn1.dylib
0x00007fff2dada000 	/System/Library/PrivateFrameworks/CommonAuth.framework/Versions/A/CommonAuth
0x00007fff275d4000 	/System/Library/PrivateFrameworks/login.framework/Versions/A/Frameworks/loginsupport.framework/Versions/A/loginsupport
0x00007fff2d03e000 	/System/Library/PrivateFrameworks/AudioSession.framework/Versions/A/AudioSession
0x00007fff2d0a6000 	/usr/lib/libAudioStatistics.dylib
0x00007fff2b476000 	/System/Library/PrivateFrameworks/MediaExperience.framework/Versions/A/MediaExperience
0x00007fff2cedb000 	/System/Library/PrivateFrameworks/AudioSession.framework/libSessionUtility.dylib
0x00007fff2da6b000 	/usr/lib/libperfcheck.dylib
0x00007fff2d3ef000 	/System/Library/PrivateFrameworks/AudioResourceArbitration.framework/Versions/A/AudioResourceArbitration
0x00007fff2b3f3000 	/System/Library/PrivateFrameworks/IconFoundation.framework/Versions/A/IconFoundation
0x00007fff2ff11000 	/System/Library/PrivateFrameworks/SpeechRecognitionCore.framework/Versions/A/SpeechRecognitionCore
0x00007fff5dfa2000 	/System/Library/CoreServices/Encodings/libKoreanConverter.dylib
0x000000010e800000 	/Library/Java/JavaVirtualMachines/jdk-15.0.1.jdk/Contents/Home/lib/server/libjvm.dylib
0x000000010a52b000 	/Library/Java/JavaVirtualMachines/jdk-15.0.1.jdk/Contents/Home/lib/libjimage.dylib
0x000000010a545000 	/Library/Java/JavaVirtualMachines/jdk-15.0.1.jdk/Contents/Home/lib/libinstrument.dylib
0x000000010a56a000 	/Library/Java/JavaVirtualMachines/jdk-15.0.1.jdk/Contents/Home/lib/libjava.dylib
0x0000000135e67000 	/Library/Java/JavaVirtualMachines/jdk-15.0.1.jdk/Contents/Home/lib/libzip.dylib
0x0000000135e91000 	/Library/Java/JavaVirtualMachines/jdk-15.0.1.jdk/Contents/Home/lib/libnio.dylib
0x0000000135ebf000 	/Library/Java/JavaVirtualMachines/jdk-15.0.1.jdk/Contents/Home/lib/libnet.dylib


VM Arguments:
jvm_args: -javaagent:/Applications/IntelliJ IDEA.app/Contents/lib/idea_rt.jar=63655:/Applications/IntelliJ IDEA.app/Contents/bin -Dfile.encoding=UTF-8 
java_command: chap04.section3.TryCatchKt
java_class_path (initial): /Users/desirel/Desktop/study/KotlinProgramming/out/production/KotlinProgramming:/Users/desirel/Library/Application Support/JetBrains/IntelliJIdea2020.3/plugins/Kotlin/kotlinc/lib/kotlin-stdlib.jar:/Users/desirel/Library/Application Support/JetBrains/IntelliJIdea2020.3/plugins/Kotlin/kotlinc/lib/kotlin-reflect.jar:/Users/desirel/Library/Application Support/JetBrains/IntelliJIdea2020.3/plugins/Kotlin/kotlinc/lib/kotlin-test.jar
Launcher Type: SUN_STANDARD

[Global flags]
     intx CICompilerCount                          = 4                                         {product} {ergonomic}
     uint ConcGCThreads                            = 2                                         {product} {ergonomic}
     uint G1ConcRefinementThreads                  = 8                                         {product} {ergonomic}
   size_t G1HeapRegionSize                         = 2097152                                   {product} {ergonomic}
    uintx GCDrainStackTargetSize                   = 64                                        {product} {ergonomic}
   size_t InitialHeapSize                          = 268435456                                 {product} {ergonomic}
   size_t MarkStackSize                            = 4194304                                   {product} {ergonomic}
   size_t MaxHeapSize                              = 4294967296                                {product} {ergonomic}
   size_t MaxNewSize                               = 2575302656                                {product} {ergonomic}
   size_t MinHeapDeltaBytes                        = 2097152                                   {product} {ergonomic}
   size_t MinHeapSize                              = 8388608                                   {product} {ergonomic}
    uintx NonNMethodCodeHeapSize                   = 5839372                                {pd product} {ergonomic}
    uintx NonProfiledCodeHeapSize                  = 122909434                              {pd product} {ergonomic}
    uintx ProfiledCodeHeapSize                     = 122909434                              {pd product} {ergonomic}
    uintx ReservedCodeCacheSize                    = 251658240                              {pd product} {ergonomic}
     bool SegmentedCodeCache                       = true                                      {product} {ergonomic}
   size_t SoftMaxHeapSize                          = 4294967296                             {manageable} {ergonomic}
     bool UseCompressedClassPointers               = true                                 {lp64_product} {ergonomic}
     bool UseCompressedOops                        = true                                 {lp64_product} {ergonomic}
     bool UseG1GC                                  = true                                      {product} {ergonomic}
     bool UseNUMA                                  = false                                     {product} {ergonomic}
     bool UseNUMAInterleaving                      = false                                     {product} {ergonomic}

Logging:
Log output configuration:
 #0: stdout all=warning uptime,level,tags
 #1: stderr all=off uptime,level,tags

Environment Variables:
PATH=/usr/local/bin:/usr/bin:/bin:/usr/sbin:/sbin:/Library/Apple/usr/bin
SHELL=/bin/zsh
LC_CTYPE=ko_KR.UTF-8

Signal Handlers:
SIGSEGV: [libjvm.dylib+0x9fe2e0], sa_mask[0]=11111111111111111111111111111111, sa_flags=SA_ONSTACK|SA_RESTART|SA_SIGINFO
SIGBUS: [libjvm.dylib+0x9fe2e0], sa_mask[0]=11111111111111111111111111111111, sa_flags=SA_RESTART|SA_SIGINFO
SIGFPE: [libjvm.dylib+0x9fe2e0], sa_mask[0]=11111111111111111111111111111111, sa_flags=SA_RESTART|SA_SIGINFO
SIGPIPE: [libjvm.dylib+0x82a110], sa_mask[0]=11111111111111111111111111111111, sa_flags=SA_RESTART|SA_SIGINFO
SIGXFSZ: [libjvm.dylib+0x82a110], sa_mask[0]=11111111111111111111111111111111, sa_flags=SA_RESTART|SA_SIGINFO
SIGILL: [libjvm.dylib+0x9fe2e0], sa_mask[0]=11111111111111111111111111111111, sa_flags=SA_RESTART|SA_SIGINFO
SIGUSR2: [libjvm.dylib+0x82ac20], sa_mask[0]=00100000000000000000000000000000, sa_flags=SA_RESTART|SA_SIGINFO
SIGHUP: [libjvm.dylib+0x829320], sa_mask[0]=11111111111111111111111111111111, sa_flags=SA_RESTART|SA_SIGINFO
SIGINT: [libjvm.dylib+0x829320], sa_mask[0]=11111111111111111111111111111111, sa_flags=SA_RESTART|SA_SIGINFO
SIGTERM: [libjvm.dylib+0x829320], sa_mask[0]=11111111111111111111111111111111, sa_flags=SA_RESTART|SA_SIGINFO
SIGQUIT: [libjvm.dylib+0x829320], sa_mask[0]=11111111111111111111111111111111, sa_flags=SA_RESTART|SA_SIGINFO


---------------  S Y S T E M  ---------------

OS:uname: Darwin 20.2.0 Darwin Kernel Version 20.2.0: Wed Dec  2 20:40:21 PST 2020; root:xnu-7195.60.75~1/RELEASE_ARM64_T8101 x86_64
OS uptime: 0 days 13:26 hours
rlimit (soft/hard): STACK 8176k/65520k , CORE 0k/infinity , NPROC 2666/4000 , NOFILE 10240/infinity , AS infinity/infinity , CPU infinity/infinity , DATA infinity/infinity , FSIZE infinity/infinity , MEMLOCK infinity/infinity , RSS infinity/infinity
load average: 2.75 2.45 2.13

CPU: total 8 (initial active 8) (1 cores per cpu, 1 threads per core) family 6 model 44 stepping 0 microcode 0x0, cmov, cx8, fxsr, mmx, sse, sse2, sse3, ssse3, sse4.1, sse4.2, popcnt, aes, clmul, tsc, tscinvbit, tscinv, clflush

Memory: 4k page, physical 16777216k(393540k free), swap 1048576k(1016064k free)

vm_info: Java HotSpot(TM) 64-Bit Server VM (15.0.1+9-18) for bsd-amd64 JRE (15.0.1+9-18), built on Sep 15 2020 13:50:45 by "mach5one" with clang 4.2.1 Compatible Apple LLVM 10.0.0 (clang-1000.11.45.5)

END.
