#
# A fatal error has been detected by the Java Runtime Environment:
#
#  SIGFPE (0x8) at pc=0x000000010efc9608, pid=10218, tid=0x0000000000002503
#
# JRE version: OpenJDK Runtime Environment (8.0_275-b01) (build 1.8.0_275-b01)
# Java VM: OpenJDK 64-Bit Server VM (25.275-b01 mixed mode bsd-amd64 compressed oops)
# Problematic frame:
# j  chap04.section3.TryCatchKt.main()V+0
#
# Failed to write core dump. Core dumps have been disabled. To enable core dumping, try "ulimit -c unlimited" before starting Java again
#
# If you would like to submit a bug report, please include
# instructions on how to reproduce the bug and visit:
#   http://bugreport.java.com/bugreport/crash.jsp
#

---------------  T H R E A D  ---------------

Current thread (0x00007fc28e009000):  JavaThread "main" [_thread_in_Java, id=9475, stack(0x0000000306171000,0x0000000306271000)]

siginfo: si_signo: 8 (SIGFPE), si_code: 5 (FPE_FLTINV), si_addr: 0x000000010efc9608

Registers:
RAX=0x0000000000000006, RBX=0x000000000000006c, RCX=0x0000000000000000, RDX=0x0000000000000000
RSP=0x0000000306270948, RBP=0x0000000306270988, RSI=0x0000000000000004, RDI=0x0000000306270918
R8 =0x000000010df3f8d0, R9 =0x000000010df3f801, R10=0x000000010df43430, R11=0x00007fc28c622588
R12=0x0000000000000000, R13=0x0000000127906aa2, R14=0x00000003062709c0, R15=0x00007fc28e009000
RIP=0x000000010efc9608, EFLAGS=0x0000000000000a87, ERR=0x0000000000000000
  TRAPNO=0x0000000000000000

Top of Stack: (sp=0x0000000306270948)
0x0000000306270948:   0000000306270948 0000000127906a98
0x0000000306270958:   00000003062709c0 0000000127906cc8
0x0000000306270968:   0000000000000000 0000000127906b50
0x0000000306270978:   0000000000000000 00000003062709c8
0x0000000306270988:   0000000306270a08 000000010efb4ffd
0x0000000306270998:   0000000000000000 0000000000000000
0x00000003062709a8:   0000000000000000 0000000000000000
0x00000003062709b8:   0000000000000000 0000000000000006
0x00000003062709c8:   00000003062709c8 0000000127906c00
0x00000003062709d8:   0000000306270a18 0000000127906cc8
0x00000003062709e8:   0000000000000000 0000000127906c08
0x00000003062709f8:   00000003062709c8 0000000306270a18
0x0000000306270a08:   0000000306270a80 000000010efad4e7
0x0000000306270a18:   000000076ac885a0 0000000000001fa0
0x0000000306270a28:   000000000000000e 00007fc28e009000
0x0000000306270a38:   0000000306270cb8 0000000127906c08
0x0000000306270a48:   00007fc28e009000 0000000306270b20
0x0000000306270a58:   0000000306270e68 00007fc20000000a
0x0000000306270a68:   0000000127906c08 000000010efc0340
0x0000000306270a78:   0000000306270cc0 0000000306270bf0
0x0000000306270a88:   000000010dadd6b9 ddab8a8900000001
0x0000000306270a98:   00007fc28e009000 0000000306270e68
0x0000000306270aa8:   0000000a88a0f460 000000010efc0340
0x0000000306270ab8:   000000010efad45f 00007fc28e009000
0x0000000306270ac8:   0000000306270cb8 0000000306270e60
0x0000000306270ad8:   00007fc28e009000 00007fc28c705060
0x0000000306270ae8:   00007fc28c7050a0 00007fc28c7050b0
0x0000000306270af8:   00007fc28c705188 00000000000000d8
0x0000000306270b08:   00007fc28c705190 0000000127906c08
0x0000000306270b18:   00007fc28e009000 00007fc28e009000
0x0000000306270b28:   00007fc28c705f00 0000000127906c08
0x0000000306270b38:   0000000000000000 0000000000000000 

Instructions: (pc=0x000000010efc9608)
0x000000010efc95e8:   c8 8b 04 24 48 83 c4 08 81 f8 00 00 00 80 0f 85
0x000000010efc95f8:   0b 00 00 00 33 d2 83 f9 ff 0f 84 03 00 00 00 99
0x000000010efc9608:   f7 f9 41 0f b6 5d 01 49 ff c5 49 ba 30 34 f4 0d
0x000000010efc9618:   01 00 00 00 41 ff 24 da 80 00 00 00 00 00 00 00 

Register to memory mapping:

RAX=0x0000000000000006 is an unknown value
RBX=0x000000000000006c is an unknown value
RCX=0x0000000000000000 is an unknown value
RDX=0x0000000000000000 is an unknown value
RSP=0x0000000306270948 is pointing into the stack for thread: 0x00007fc28e009000
RBP=0x0000000306270988 is pointing into the stack for thread: 0x00007fc28e009000
RSI=0x0000000000000004 is an unknown value
RDI=0x0000000306270918 is pointing into the stack for thread: 0x00007fc28e009000
R8 =0x000000010df3f8d0: _ZN2os16_processor_countE+0 in /Users/desirel/Library/Java/JavaVirtualMachines/corretto-1.8.0_275/Contents/Home/jre/lib/server/libjvm.dylib at 0x000000010d800000
R9 =0x000000010df3f801: _ZN13ObjectMonitor19_sync_NotificationsE+0x1 in /Users/desirel/Library/Java/JavaVirtualMachines/corretto-1.8.0_275/Contents/Home/jre/lib/server/libjvm.dylib at 0x000000010d800000
R10=0x000000010df43430: _ZN19TemplateInterpreter13_active_tableE+0x2000 in /Users/desirel/Library/Java/JavaVirtualMachines/corretto-1.8.0_275/Contents/Home/jre/lib/server/libjvm.dylib at 0x000000010d800000
R11=0x00007fc28c622588 is an unknown value
R12=0x0000000000000000 is an unknown value
R13=0x0000000127906aa2 is pointing into metadata
R14=0x00000003062709c0 is pointing into the stack for thread: 0x00007fc28e009000
R15=0x00007fc28e009000 is a thread


Stack: [0x0000000306171000,0x0000000306271000],  sp=0x0000000306270948,  free space=1022k
Native frames: (J=compiled Java code, j=interpreted, Vv=VM code, C=native code)
j  chap04.section3.TryCatchKt.main()V+0
j  chap04.section3.TryCatchKt.main([Ljava/lang/String;)V+0
v  ~StubRoutines::call_stub
V  [libjvm.dylib+0x2dd6b9]
V  [libjvm.dylib+0x314a84]
V  [libjvm.dylib+0x3174a3]
C  [java+0x3a84]  JavaMain+0x9d1
C  [libsystem_pthread.dylib+0x6950]  _pthread_start+0xe0
C  [libsystem_pthread.dylib+0x247b]  thread_start+0xf
C  0x0000000000000000


---------------  P R O C E S S  ---------------

Java Threads: ( => current thread )
  0x00007fc28e040000 JavaThread "Service Thread" daemon [_thread_blocked, id=41223, stack(0x00000003074b5000,0x00000003075b5000)]
  0x00007fc28d853800 JavaThread "C1 CompilerThread3" daemon [_thread_in_native, id=41987, stack(0x00000003073b2000,0x00000003074b2000)]
  0x00007fc28d852800 JavaThread "C2 CompilerThread2" daemon [_thread_blocked, id=24579, stack(0x00000003072af000,0x00000003073af000)]
  0x00007fc28c8aa000 JavaThread "C2 CompilerThread1" daemon [_thread_in_native, id=24067, stack(0x00000003071ac000,0x00000003072ac000)]
  0x00007fc28d841800 JavaThread "C2 CompilerThread0" daemon [_thread_in_native, id=23299, stack(0x00000003070a9000,0x00000003071a9000)]
  0x00007fc28d83c800 JavaThread "Monitor Ctrl-Break" daemon [_thread_in_native, id=22819, stack(0x0000000306fa6000,0x00000003070a6000)]
  0x00007fc28d80c800 JavaThread "Signal Dispatcher" daemon [_thread_blocked, id=43011, stack(0x0000000306ea3000,0x0000000306fa3000)]
  0x00007fc28e01a000 JavaThread "Finalizer" daemon [_thread_blocked, id=16131, stack(0x0000000306c92000,0x0000000306d92000)]
  0x00007fc28d823000 JavaThread "Reference Handler" daemon [_thread_blocked, id=15395, stack(0x0000000306b8f000,0x0000000306c8f000)]
=>0x00007fc28e009000 JavaThread "main" [_thread_in_Java, id=9475, stack(0x0000000306171000,0x0000000306271000)]

Other Threads:
  0x00007fc28c820800 VMThread [stack: 0x0000000306a8c000,0x0000000306b8c000] [id=14851]
  0x00007fc28d039800 WatcherThread [stack: 0x00000003075b8000,0x00000003076b8000] [id=25091]

VM state:not at safepoint (normal execution)

VM Mutex/Monitor currently owned by a thread: None

heap address: 0x00000006c0000000, size: 4096 MB, Compressed Oops mode: Zero based, Oop shift amount: 3
Narrow klass base: 0x0000000000000000, Narrow klass shift: 3
Compressed class space size: 1073741824 Address: 0x00000007c0000000

Heap:
 PSYoungGen      total 76288K, used 3955K [0x000000076ab00000, 0x0000000770000000, 0x00000007c0000000)
  eden space 65536K, 6% used [0x000000076ab00000,0x000000076aedce28,0x000000076eb00000)
  from space 10752K, 0% used [0x000000076f580000,0x000000076f580000,0x0000000770000000)
  to   space 10752K, 0% used [0x000000076eb00000,0x000000076eb00000,0x000000076f580000)
 ParOldGen       total 175104K, used 0K [0x00000006c0000000, 0x00000006cab00000, 0x000000076ab00000)
  object space 175104K, 0% used [0x00000006c0000000,0x00000006c0000000,0x00000006cab00000)
 Metaspace       used 3221K, capacity 4496K, committed 4864K, reserved 1056768K
  class space    used 352K, capacity 388K, committed 512K, reserved 1048576K

Card table byte_map: [0x000000011dfad000,0x000000011e7ae000] byte_map_base: 0x000000011a9ad000

Marking Bits: (ParMarkBitMap*) 0x000000010df40438
 Begin Bits: [0x000000011ed04000, 0x0000000122d04000)
 End Bits:   [0x0000000122d04000, 0x0000000126d04000)

Polling page: 0x000000010923e000

CodeCache: size=245760Kb used=1107Kb max_used=1107Kb free=244652Kb
 bounds [0x000000010efad000, 0x000000010f21d000, 0x000000011dfad000]
 total_blobs=264 nmethods=4 adapters=172
 compilation: enabled

Compilation events (4 events):
Event: 0.108 Thread 0x00007fc28d853800    3       3       sun.nio.cs.UTF_8$Encoder::encode (359 bytes)
Event: 0.116 Thread 0x00007fc28d841800    1       4       java.lang.String::equals (81 bytes)
Event: 0.117 Thread 0x00007fc28c8aa000    5       4       java.lang.String::hashCode (55 bytes)
Event: 0.117 Thread 0x00007fc28d852800    7       4       java.lang.String::charAt (29 bytes)

GC Heap History (0 events):
No events

Deoptimization events (0 events):
No events

Classes redefined (0 events):
No events

Internal exceptions (2 events):
Event: 0.034 Thread 0x00007fc28e009000 Exception <a 'java/lang/NoSuchMethodError': Method sun.misc.Unsafe.defineClass(Ljava/lang/String;[BII)Ljava/lang/Class; name or signature does not match> (0x000000076ab08288) thrown at [/corretto/workspace/corretto8-repo/installers/mac/tar/corretto-build/
Event: 0.034 Thread 0x00007fc28e009000 Exception <a 'java/lang/NoSuchMethodError': Method sun.misc.Unsafe.prefetchRead(Ljava/lang/Object;J)V name or signature does not match> (0x000000076ab08570) thrown at [/corretto/workspace/corretto8-repo/installers/mac/tar/corretto-build/buildRoot/src/hots

Events (10 events):
Event: 0.124 loading class sun/net/NetProperties$1
Event: 0.124 loading class sun/net/NetProperties$1 done
Event: 0.124 loading class java/util/Properties$LineReader
Event: 0.124 loading class java/util/Properties$LineReader done
Event: 0.125 loading class java/lang/Void
Event: 0.125 loading class java/lang/Void done
Event: 0.126 loading class sun/net/spi/DefaultProxySelector$NonProxyInfo
Event: 0.126 loading class sun/net/spi/DefaultProxySelector$NonProxyInfo done
Event: 0.126 loading class sun/net/spi/DefaultProxySelector$3
Event: 0.126 loading class sun/net/spi/DefaultProxySelector$3 done


Dynamic libraries:
0x00007ffdffeb8000 	/Library/Apple/usr/libexec/oah/runtime
0x00007fff35302000 	/System/Library/Frameworks/Cocoa.framework/Versions/A/Cocoa
0x00007fff221c1000 	/System/Library/Frameworks/Security.framework/Versions/A/Security
0x00007fff33501000 	/System/Library/Frameworks/ApplicationServices.framework/Versions/A/ApplicationServices
0x00007fff2a664000 	/usr/lib/libz.1.dylib
0x00007fff2a730000 	/usr/lib/libSystem.B.dylib
0x00007fff20454000 	/System/Library/Frameworks/CoreFoundation.framework/Versions/A/CoreFoundation
0x00007fff21136000 	/System/Library/Frameworks/Foundation.framework/Versions/C/Foundation
0x00007fff20273000 	/usr/lib/libobjc.A.dylib
0x00007fff22be7000 	/System/Library/Frameworks/AppKit.framework/Versions/C/AppKit
0x00007fff25aa3000 	/System/Library/Frameworks/CoreData.framework/Versions/A/CoreData
0x00007fff2394a000 	/System/Library/PrivateFrameworks/UIFoundation.framework/Versions/A/UIFoundation
0x00007fff2fee5000 	/System/Library/PrivateFrameworks/RemoteViewServices.framework/Versions/A/RemoteViewServices
0x00007fff28c81000 	/System/Library/PrivateFrameworks/XCTTargetBootstrap.framework/Versions/A/XCTTargetBootstrap
0x00007fff2b9cd000 	/usr/lib/libspindump.dylib
0x00007fff23b9e000 	/System/Library/Frameworks/UniformTypeIdentifiers.framework/Versions/A/UniformTypeIdentifiers
0x00007fff27458000 	/usr/lib/libapp_launch_measurement.dylib
0x00007fff2745b000 	/System/Library/PrivateFrameworks/CoreAutoLayout.framework/Versions/A/CoreAutoLayout
0x00007fff285e3000 	/System/Library/Frameworks/Metal.framework/Versions/A/Metal
0x00007fff292d6000 	/usr/lib/liblangid.dylib
0x00007fff28c85000 	/System/Library/PrivateFrameworks/CoreSVG.framework/Versions/A/CoreSVG
0x00007fff24b85000 	/System/Library/PrivateFrameworks/SkyLight.framework/Versions/A/SkyLight
0x00007fff24eeb000 	/System/Library/Frameworks/CoreGraphics.framework/Versions/A/CoreGraphics
0x00007fff3053c000 	/System/Library/Frameworks/Accelerate.framework/Versions/A/Accelerate
0x00007fff2b408000 	/System/Library/PrivateFrameworks/IconServices.framework/Versions/A/IconServices
0x00007fff285c8000 	/System/Library/Frameworks/IOSurface.framework/Versions/A/IOSurface
0x00007fff26435000 	/usr/lib/libDiagnosticMessagesClient.dylib
0x00007fff28c6d000 	/System/Library/PrivateFrameworks/DFRFoundation.framework/Versions/A/DFRFoundation
0x00007fff22513000 	/usr/lib/libicucore.A.dylib
0x00007fff2cf0d000 	/System/Library/Frameworks/AudioToolbox.framework/Versions/A/AudioToolbox
0x00007fff2c1b3000 	/System/Library/PrivateFrameworks/DataDetectorsCore.framework/Versions/A/DataDetectorsCore
0x00007fff2896d000 	/System/Library/Frameworks/Carbon.framework/Versions/A/Frameworks/HIToolbox.framework/Versions/A/HIToolbox
0x00007fff26eb0000 	/System/Library/Frameworks/QuartzCore.framework/Versions/A/QuartzCore
0x00007fff2ff21000 	/System/Library/Frameworks/Carbon.framework/Versions/A/Frameworks/SpeechRecognition.framework/Versions/A/SpeechRecognition
0x00007fff271c0000 	/System/Library/PrivateFrameworks/CoreUI.framework/Versions/A/CoreUI
0x00007fff21b1d000 	/System/Library/Frameworks/CoreAudio.framework/Versions/A/CoreAudio
0x00007fff26520000 	/System/Library/Frameworks/DiskArbitration.framework/Versions/A/DiskArbitration
0x00007fff2bdc7000 	/System/Library/PrivateFrameworks/MultitouchSupport.framework/Versions/A/MultitouchSupport
0x00007fff2c1aa000 	/System/Library/PrivateFrameworks/InternationalSupport.framework/Versions/A/InternationalSupport
0x00007fff24af9000 	/usr/lib/libenergytrace.dylib
0x00007fff22ae1000 	/System/Library/Frameworks/IOKit.framework/Versions/A/IOKit
0x00007fff3026e000 	/System/Library/Frameworks/CoreServices.framework/Versions/A/CoreServices
0x00007fff273ee000 	/System/Library/PrivateFrameworks/PerformanceAnalysis.framework/Versions/A/PerformanceAnalysis
0x00007fff6cb77000 	/System/Library/Frameworks/OpenGL.framework/Versions/A/OpenGL
0x00007fff2c22f000 	/System/Library/PrivateFrameworks/UserActivity.framework/Versions/A/UserActivity
0x00007fff255a5000 	/System/Library/Frameworks/ColorSync.framework/Versions/A/ColorSync
0x00007fff28eed000 	/System/Library/Frameworks/CoreImage.framework/Versions/A/CoreImage
0x00007fff21934000 	/System/Library/Frameworks/CoreText.framework/Versions/A/CoreText
0x00007fff28caf000 	/System/Library/Frameworks/ImageIO.framework/Versions/A/ImageIO
0x00007fff2a736000 	/System/Library/PrivateFrameworks/SoftLinking.framework/Versions/A/SoftLinking
0x00007fff274a4000 	/usr/lib/libxml2.2.dylib
0x00007fff20339000 	/usr/lib/libc++.1.dylib
0x00007fff2a9a8000 	/usr/lib/libcompression.dylib
0x00007fff24afa000 	/usr/lib/libMobileGestalt.dylib
0x00007fff2c0dd000 	/System/Library/PrivateFrameworks/TextureIO.framework/Versions/A/TextureIO
0x00007fff2b095000 	/usr/lib/libate.dylib
0x00007fff2a72a000 	/usr/lib/system/libcache.dylib
0x00007fff2a6e6000 	/usr/lib/system/libcommonCrypto.dylib
0x00007fff2a710000 	/usr/lib/system/libcompiler_rt.dylib
0x00007fff2a705000 	/usr/lib/system/libcopyfile.dylib
0x00007fff20162000 	/usr/lib/system/libcorecrypto.dylib
0x00007fff2022e000 	/usr/lib/system/libdispatch.dylib
0x00007fff203e3000 	/usr/lib/system/libdyld.dylib
0x00007fff2a721000 	/usr/lib/system/libkeymgr.dylib
0x00007fff2dcbf000 	/usr/lib/system/liblaunch.dylib
0x00007fff2a6c4000 	/usr/lib/system/libmacho.dylib
0x00007fff29eda000 	/usr/lib/system/libquarantine.dylib
0x00007fff2a71e000 	/usr/lib/system/libremovefile.dylib
0x00007fff24b56000 	/usr/lib/system/libsystem_asl.dylib
0x00007fff20112000 	/usr/lib/system/libsystem_blocks.dylib
0x00007fff202b0000 	/usr/lib/system/libsystem_c.dylib
0x00007fff2a718000 	/usr/lib/system/libsystem_collections.dylib
0x00007fff292c7000 	/usr/lib/system/libsystem_configuration.dylib
0x00007fff285b7000 	/usr/lib/system/libsystem_containermanager.dylib
0x00007fff2a45c000 	/usr/lib/system/libsystem_coreservices.dylib
0x00007fff22775000 	/usr/lib/system/libsystem_darwin.dylib
0x00007fff2a722000 	/usr/lib/system/libsystem_dnssd.dylib
0x00007fff202ad000 	/usr/lib/system/libsystem_featureflags.dylib
0x00007fff20428000 	/usr/lib/system/libsystem_info.dylib
0x00007fff2a677000 	/usr/lib/system/libsystem_m.dylib
0x00007fff20201000 	/usr/lib/system/libsystem_malloc.dylib
0x00007fff24aea000 	/usr/lib/system/libsystem_networkextension.dylib
0x00007fff22b8f000 	/usr/lib/system/libsystem_notify.dylib
0x00007fff3016c000 	/usr/lib/system/libsystem_product_info_filter.dylib
0x00007fff292cb000 	/usr/lib/system/libsystem_sandbox.dylib
0x00007fff2a71b000 	/usr/lib/system/libsystem_secinit.dylib
0x00007fff203a8000 	/usr/lib/system/libsystem_kernel.dylib
0x00007fff2041e000 	/usr/lib/system/libsystem_platform.dylib
0x00007fff203d7000 	/usr/lib/system/libsystem_pthread.dylib
0x00007fff26283000 	/usr/lib/system/libsystem_symptoms.dylib
0x00007fff2014a000 	/usr/lib/system/libsystem_trace.dylib
0x00007fff2a6f2000 	/usr/lib/system/libunwind.dylib
0x00007fff20114000 	/usr/lib/system/libxpc.dylib
0x00007fff2038f000 	/usr/lib/libc++abi.dylib
0x00007fff2a6fd000 	/usr/lib/liboah.dylib
0x00007fff2adc1000 	/usr/lib/liblzma.5.dylib
0x00007fff20e4a000 	/System/Library/Frameworks/SystemConfiguration.framework/Versions/A/SystemConfiguration
0x00007fff2a732000 	/usr/lib/libfakelink.dylib
0x00007fff2464c000 	/System/Library/Frameworks/CFNetwork.framework/Versions/A/CFNetwork
0x00007fff2a872000 	/usr/lib/libarchive.2.dylib
0x00007fff20ec8000 	/usr/lib/libCRFSuite.dylib
0x00007fff29f01000 	/usr/lib/libbsm.0.dylib
0x00007fff24008000 	/usr/lib/libnetwork.dylib
0x00007fff2a737000 	/usr/lib/libpcap.A.dylib
0x00007fff2627c000 	/usr/lib/libdns_services.dylib
0x00007fff2adda000 	/usr/lib/libcoretls_cfhelpers.dylib
0x00007fff2a976000 	/usr/lib/libapple_nghttp2.dylib
0x00007fff2a6ca000 	/usr/lib/system/libkxld.dylib
0x00007fff25eea000 	/usr/lib/libsqlite3.dylib
0x00007fff2a43e000 	/System/Library/PrivateFrameworks/AppleFSCompression.framework/Versions/A/AppleFSCompression
0x00007fff29ee9000 	/usr/lib/libcoretls.dylib
0x00007fff2a9a3000 	/usr/lib/libpam.2.dylib
0x00007fff2aed6000 	/usr/lib/libxar.1.dylib
0x00007fff292d2000 	/System/Library/PrivateFrameworks/AppleSystemInfo.framework/Versions/A/AppleSystemInfo
0x00007fff29b2c000 	/System/Library/PrivateFrameworks/IOMobileFramebuffer.framework/Versions/A/IOMobileFramebuffer
0x00007fff2a44e000 	/usr/lib/libbz2.1.0.dylib
0x00007fff2a76f000 	/usr/lib/libiconv.2.dylib
0x00007fff2a6c3000 	/usr/lib/libcharset.1.dylib
0x00007fff2742a000 	/System/Library/Frameworks/CoreServices.framework/Versions/A/Frameworks/FSEvents.framework/Versions/A/FSEvents
0x00007fff2277f000 	/System/Library/Frameworks/CoreServices.framework/Versions/A/Frameworks/CarbonCore.framework/Versions/A/CarbonCore
0x00007fff26485000 	/System/Library/Frameworks/CoreServices.framework/Versions/A/Frameworks/Metadata.framework/Versions/A/Metadata
0x00007fff2a461000 	/System/Library/Frameworks/CoreServices.framework/Versions/A/Frameworks/OSServices.framework/Versions/A/OSServices
0x00007fff2a8e4000 	/System/Library/Frameworks/CoreServices.framework/Versions/A/Frameworks/SearchKit.framework/Versions/A/SearchKit
0x00007fff26206000 	/System/Library/Frameworks/CoreServices.framework/Versions/A/Frameworks/AE.framework/Versions/A/AE
0x00007fff208f0000 	/System/Library/Frameworks/CoreServices.framework/Versions/A/Frameworks/LaunchServices.framework/Versions/A/LaunchServices
0x00007fff2ad72000 	/System/Library/Frameworks/CoreServices.framework/Versions/A/Frameworks/DictionaryServices.framework/Versions/A/DictionaryServices
0x00007fff27433000 	/System/Library/Frameworks/CoreServices.framework/Versions/A/Frameworks/SharedFileList.framework/Versions/A/SharedFileList
0x00007fff29edd000 	/usr/lib/libCheckFix.dylib
0x00007fff24b6d000 	/System/Library/PrivateFrameworks/TCC.framework/Versions/A/TCC
0x00007fff292d8000 	/System/Library/PrivateFrameworks/CoreNLP.framework/Versions/A/CoreNLP
0x00007fff26438000 	/System/Library/PrivateFrameworks/MetadataUtilities.framework/Versions/A/MetadataUtilities
0x00007fff20efe000 	/usr/lib/libmecabra.dylib
0x00007fff2a1f1000 	/System/Library/Frameworks/MLCompute.framework/Versions/A/MLCompute
0x00007fff29f12000 	/usr/lib/libmecab.dylib
0x00007fff29f5c000 	/usr/lib/libgermantok.dylib
0x00007fff2a94c000 	/usr/lib/libThaiTokenizer.dylib
0x00007fff2af11000 	/usr/lib/libChineseTokenizer.dylib
0x00007fff2a9a1000 	/System/Library/Frameworks/MetalPerformanceShaders.framework/Versions/A/MetalPerformanceShaders
0x00007fff26527000 	/System/Library/Frameworks/Accelerate.framework/Versions/A/Frameworks/vImage.framework/Versions/A/vImage
0x00007fff30247000 	/System/Library/Frameworks/Accelerate.framework/Versions/A/Frameworks/vecLib.framework/Versions/A/vecLib
0x00007fff2af1c000 	/System/Library/Frameworks/Accelerate.framework/Versions/A/Frameworks/vecLib.framework/Versions/A/libvMisc.dylib
0x00007fff29988000 	/System/Library/Frameworks/Accelerate.framework/Versions/A/Frameworks/vecLib.framework/Versions/A/libvDSP.dylib
0x00007fff20bf4000 	/System/Library/Frameworks/Accelerate.framework/Versions/A/Frameworks/vecLib.framework/Versions/A/libBLAS.dylib
0x00007fff2a9c7000 	/System/Library/Frameworks/Accelerate.framework/Versions/A/Frameworks/vecLib.framework/Versions/A/libLAPACK.dylib
0x00007fff29f62000 	/System/Library/Frameworks/Accelerate.framework/Versions/A/Frameworks/vecLib.framework/Versions/A/libLinearAlgebra.dylib
0x00007fff2a98e000 	/System/Library/Frameworks/Accelerate.framework/Versions/A/Frameworks/vecLib.framework/Versions/A/libSparseBLAS.dylib
0x00007fff2a9c1000 	/System/Library/Frameworks/Accelerate.framework/Versions/A/Frameworks/vecLib.framework/Versions/A/libQuadrature.dylib
0x00007fff29380000 	/System/Library/Frameworks/Accelerate.framework/Versions/A/Frameworks/vecLib.framework/Versions/A/libBNNS.dylib
0x00007fff20ddb000 	/System/Library/Frameworks/Accelerate.framework/Versions/A/Frameworks/vecLib.framework/Versions/A/libSparse.dylib
0x00007fff2926b000 	/System/Library/Frameworks/MetalPerformanceShaders.framework/Versions/A/Frameworks/MPSCore.framework/Versions/A/MPSCore
0x00007fff2a3ad000 	/System/Library/Frameworks/MetalPerformanceShaders.framework/Versions/A/Frameworks/MPSImage.framework/Versions/A/MPSImage
0x00007fff29f79000 	/System/Library/Frameworks/MetalPerformanceShaders.framework/Versions/A/Frameworks/MPSNeuralNetwork.framework/Versions/A/MPSNeuralNetwork
0x00007fff2a338000 	/System/Library/Frameworks/MetalPerformanceShaders.framework/Versions/A/Frameworks/MPSMatrix.framework/Versions/A/MPSMatrix
0x00007fff2a1a1000 	/System/Library/Frameworks/MetalPerformanceShaders.framework/Versions/A/Frameworks/MPSRayIntersector.framework/Versions/A/MPSRayIntersector
0x00007fff2a36f000 	/System/Library/Frameworks/MetalPerformanceShaders.framework/Versions/A/Frameworks/MPSNDArray.framework/Versions/A/MPSNDArray
0x00007fff20b20000 	/System/Library/PrivateFrameworks/MetalTools.framework/Versions/A/MetalTools
0x00007fff292d0000 	/System/Library/PrivateFrameworks/AggregateDictionary.framework/Versions/A/AggregateDictionary
0x00007fff26410000 	/System/Library/PrivateFrameworks/CoreAnalytics.framework/Versions/A/CoreAnalytics
0x00007fff2a94e000 	/System/Library/PrivateFrameworks/AppleSauce.framework/Versions/A/AppleSauce
0x00007fff285da000 	/System/Library/PrivateFrameworks/IOAccelerator.framework/Versions/A/IOAccelerator
0x00007fff6cb6b000 	/System/Library/Frameworks/OpenGL.framework/Versions/A/Libraries/libCoreFSCache.dylib
0x00007fff2149a000 	/System/Library/PrivateFrameworks/LanguageModeling.framework/Versions/A/LanguageModeling
0x00007fff29b19000 	/System/Library/PrivateFrameworks/CoreEmoji.framework/Versions/A/CoreEmoji
0x00007fff29379000 	/System/Library/PrivateFrameworks/LinguisticData.framework/Versions/A/LinguisticData
0x00007fff20d8d000 	/System/Library/PrivateFrameworks/Lexicon.framework/Versions/A/Lexicon
0x00007fff2a860000 	/usr/lib/libcmph.dylib
0x00007fff2740a000 	/System/Library/Frameworks/OpenDirectory.framework/Versions/A/Frameworks/CFOpenDirectory.framework/Versions/A/CFOpenDirectory
0x00007fff273fa000 	/System/Library/Frameworks/OpenDirectory.framework/Versions/A/OpenDirectory
0x00007fff2addc000 	/System/Library/PrivateFrameworks/APFS.framework/Versions/A/APFS
0x00007fff29e3e000 	/System/Library/Frameworks/SecurityFoundation.framework/Versions/A/SecurityFoundation
0x00007fff2aee4000 	/usr/lib/libutil.dylib
0x00007fff22aa6000 	/System/Library/PrivateFrameworks/CoreServicesStore.framework/Versions/A/CoreServicesStore
0x00007fff29ed5000 	/System/Library/Frameworks/ServiceManagement.framework/Versions/A/ServiceManagement
0x00007fff2aee8000 	/usr/lib/libxslt.1.dylib
0x00007fff29ecb000 	/System/Library/PrivateFrameworks/BackgroundTaskManagement.framework/Versions/A/BackgroundTaskManagement
0x00007fff2c028000 	/System/Library/Frameworks/ImageIO.framework/Versions/A/Resources/libRadiance.dylib
0x00007fff2c031000 	/System/Library/Frameworks/ImageIO.framework/Versions/A/Resources/libJPEG.dylib
0x00007fff2bf81000 	/System/Library/Frameworks/ImageIO.framework/Versions/A/Resources/libPng.dylib
0x00007fff2bfa8000 	/System/Library/Frameworks/ImageIO.framework/Versions/A/Resources/libTIFF.dylib
0x00007fff2c086000 	/System/Library/Frameworks/ImageIO.framework/Versions/A/Resources/libGIF.dylib
0x00007fff2bce5000 	/System/Library/Frameworks/ImageIO.framework/Versions/A/Resources/libJP2.dylib
0x00007fff2b3cf000 	/usr/lib/libexpat.1.dylib
0x00007fff2bc9a000 	/System/Library/PrivateFrameworks/AppleJPEG.framework/Versions/A/AppleJPEG
0x00007fff28810000 	/System/Library/PrivateFrameworks/FontServices.framework/libFontParser.dylib
0x00007fff261ba000 	/System/Library/PrivateFrameworks/RunningBoardServices.framework/Versions/A/RunningBoardServices
0x00007fff2bdc3000 	/System/Library/PrivateFrameworks/WatchdogClient.framework/Versions/A/WatchdogClient
0x00007fff21587000 	/System/Library/Frameworks/CoreDisplay.framework/Versions/A/CoreDisplay
0x00007fff28726000 	/System/Library/Frameworks/CoreMedia.framework/Versions/A/CoreMedia
0x00007fff27587000 	/System/Library/Frameworks/CoreVideo.framework/Versions/A/CoreVideo
0x00007fff2bdfb000 	/System/Library/Frameworks/VideoToolbox.framework/Versions/A/VideoToolbox
0x00007fff26138000 	/System/Library/PrivateFrameworks/BaseBoard.framework/Versions/A/BaseBoard
0x00007fff2b514000 	/System/Library/PrivateFrameworks/PersistentConnection.framework/Versions/A/PersistentConnection
0x00007fff25ed3000 	/System/Library/PrivateFrameworks/ProtocolBuffer.framework/Versions/A/ProtocolBuffer
0x00007fff2611f000 	/System/Library/PrivateFrameworks/CommonUtilities.framework/Versions/A/CommonUtilities
0x00007fff2bc2f000 	/System/Library/PrivateFrameworks/Bom.framework/Versions/A/Bom
0x00007fff2c021000 	/System/Library/PrivateFrameworks/GPUWrangler.framework/Versions/A/GPUWrangler
0x00007fff2c006000 	/System/Library/PrivateFrameworks/IOPresentment.framework/Versions/A/IOPresentment
0x00007fff2c02b000 	/System/Library/PrivateFrameworks/DSExternalDisplay.framework/Versions/A/DSExternalDisplay
0x00007fff2c08b000 	/System/Library/PrivateFrameworks/CMCaptureCore.framework/Versions/A/CMCaptureCore
0x00007fff2b9b4000 	/System/Library/PrivateFrameworks/AppServerSupport.framework/Versions/A/AppServerSupport
0x00007fff2da5e000 	/System/Library/PrivateFrameworks/perfdata.framework/Versions/A/perfdata
0x00007fff29e2d000 	/System/Library/PrivateFrameworks/AssertionServices.framework/Versions/A/AssertionServices
0x00007fff216be000 	/System/Library/PrivateFrameworks/AudioToolboxCore.framework/Versions/A/AudioToolboxCore
0x00007fff28709000 	/System/Library/PrivateFrameworks/caulk.framework/Versions/A/caulk
0x00007fff3d6eb000 	/System/Library/PrivateFrameworks/SystemPolicy.framework/Versions/A/SystemPolicy
0x00007fff2b1c4000 	/usr/lib/libIOReport.dylib
0x00007fff2d280000 	/usr/lib/libSMC.dylib
0x00007fff2bf4e000 	/usr/lib/libAudioToolboxUtility.dylib
0x00007fff3e055000 	/usr/lib/libmis.dylib
0x00007fff6cbc7000 	/System/Library/Frameworks/OpenGL.framework/Versions/A/Libraries/libGLU.dylib
0x00007fff6cb8a000 	/System/Library/Frameworks/OpenGL.framework/Versions/A/Libraries/libGFXShared.dylib
0x00007fff6cd99000 	/System/Library/Frameworks/OpenGL.framework/Versions/A/Libraries/libGL.dylib
0x00007fff6cb93000 	/System/Library/Frameworks/OpenGL.framework/Versions/A/Libraries/libGLImage.dylib
0x00007fff6cb87000 	/System/Library/Frameworks/OpenGL.framework/Versions/A/Libraries/libCVMSPluginSupport.dylib
0x00007fff6cb72000 	/System/Library/Frameworks/OpenGL.framework/Versions/A/Libraries/libCoreVMClient.dylib
0x00007fff6e1da000 	/System/Library/Frameworks/OpenCL.framework/Versions/A/OpenCL
0x00007fff2b53e000 	/System/Library/PrivateFrameworks/GraphVisualizer.framework/Versions/A/GraphVisualizer
0x00007fff2b54d000 	/System/Library/PrivateFrameworks/FaceCore.framework/Versions/A/FaceCore
0x00007fff2b969000 	/System/Library/PrivateFrameworks/OTSVG.framework/Versions/A/OTSVG
0x00007fff2717e000 	/System/Library/Frameworks/ApplicationServices.framework/Versions/A/Frameworks/ATS.framework/Versions/A/Resources/libFontRegistry.dylib
0x00007fff2b9bb000 	/System/Library/PrivateFrameworks/FontServices.framework/libhvf.dylib
0x00007fff2b37b000 	/System/Library/PrivateFrameworks/AppleVA.framework/Versions/A/AppleVA
0x00007fff2d0c9000 	/System/Library/Frameworks/ApplicationServices.framework/Versions/A/Frameworks/ATS.framework/Versions/A/ATS
0x00007fff2d3db000 	/System/Library/Frameworks/ApplicationServices.framework/Versions/A/Frameworks/ColorSyncLegacy.framework/Versions/A/ColorSyncLegacy
0x00007fff2569c000 	/System/Library/Frameworks/ApplicationServices.framework/Versions/A/Frameworks/HIServices.framework/Versions/A/HIServices
0x00007fff2d3c0000 	/System/Library/Frameworks/ApplicationServices.framework/Versions/A/Frameworks/LangAnalysis.framework/Versions/A/LangAnalysis
0x00007fff2c095000 	/System/Library/Frameworks/ApplicationServices.framework/Versions/A/Frameworks/PrintCore.framework/Versions/A/PrintCore
0x00007fff2d3e3000 	/System/Library/Frameworks/ApplicationServices.framework/Versions/A/Frameworks/QD.framework/Versions/A/QD
0x00007fff2d0b9000 	/System/Library/Frameworks/ApplicationServices.framework/Versions/A/Frameworks/SpeechSynthesis.framework/Versions/A/SpeechSynthesis
0x00007fff2c056000 	/System/Library/Frameworks/ApplicationServices.framework/Versions/A/Frameworks/ATSUI.framework/Versions/A/ATSUI
0x00007fff2d360000 	/usr/lib/libcups.2.dylib
0x00007fff2d3d0000 	/System/Library/PrivateFrameworks/NetAuth.framework/Versions/A/NetAuth
0x00007fff2da7a000 	/System/Library/Frameworks/Kerberos.framework/Versions/A/Kerberos
0x00007fff2da8a000 	/System/Library/Frameworks/GSS.framework/Versions/A/GSS
0x00007fff2d135000 	/usr/lib/libresolv.9.dylib
0x00007fff2b9d0000 	/System/Library/PrivateFrameworks/Heimdal.framework/Versions/A/Heimdal
0x00007fff33801000 	/System/Library/Frameworks/Kerberos.framework/Versions/A/Libraries/libHeimdalProxy.dylib
0x00007fff2628b000 	/System/Library/Frameworks/Network.framework/Versions/A/Network
0x00007fff2b3e9000 	/usr/lib/libheimdal-asn1.dylib
0x00007fff2dada000 	/System/Library/PrivateFrameworks/CommonAuth.framework/Versions/A/CommonAuth
0x00007fff275d4000 	/System/Library/PrivateFrameworks/login.framework/Versions/A/Frameworks/loginsupport.framework/Versions/A/loginsupport
0x00007fff2d03e000 	/System/Library/PrivateFrameworks/AudioSession.framework/Versions/A/AudioSession
0x00007fff2d0a6000 	/usr/lib/libAudioStatistics.dylib
0x00007fff2b476000 	/System/Library/PrivateFrameworks/MediaExperience.framework/Versions/A/MediaExperience
0x00007fff2cedb000 	/System/Library/PrivateFrameworks/AudioSession.framework/libSessionUtility.dylib
0x00007fff2da6b000 	/usr/lib/libperfcheck.dylib
0x00007fff2d3ef000 	/System/Library/PrivateFrameworks/AudioResourceArbitration.framework/Versions/A/AudioResourceArbitration
0x00007fff2b3f3000 	/System/Library/PrivateFrameworks/IconFoundation.framework/Versions/A/IconFoundation
0x00007fff2ff11000 	/System/Library/PrivateFrameworks/SpeechRecognitionCore.framework/Versions/A/SpeechRecognitionCore
0x00007fff5dfa2000 	/System/Library/CoreServices/Encodings/libKoreanConverter.dylib
0x000000010d800000 	/Users/desirel/Library/Java/JavaVirtualMachines/corretto-1.8.0_275/Contents/Home/jre/lib/server/libjvm.dylib
0x000000010924d000 	/Users/desirel/Library/Java/JavaVirtualMachines/corretto-1.8.0_275/Contents/Home/jre/lib/libverify.dylib
0x000000010926f000 	/Users/desirel/Library/Java/JavaVirtualMachines/corretto-1.8.0_275/Contents/Home/jre/lib/libjava.dylib
0x00000001092e5000 	/Users/desirel/Library/Java/JavaVirtualMachines/corretto-1.8.0_275/Contents/Home/jre/lib/libinstrument.dylib
0x0000000109373000 	/Users/desirel/Library/Java/JavaVirtualMachines/corretto-1.8.0_275/Contents/Home/jre/lib/libzip.dylib
0x0000000129e53000 	/Users/desirel/Library/Java/JavaVirtualMachines/corretto-1.8.0_275/Contents/Home/jre/lib/libnio.dylib
0x0000000129e7e000 	/Users/desirel/Library/Java/JavaVirtualMachines/corretto-1.8.0_275/Contents/Home/jre/lib/libnet.dylib

VM Arguments:
jvm_args: -javaagent:/Applications/IntelliJ IDEA.app/Contents/lib/idea_rt.jar=63435:/Applications/IntelliJ IDEA.app/Contents/bin -Dfile.encoding=UTF-8 
java_command: chap04.section3.TryCatchKt
java_class_path (initial): /Users/desirel/Library/Java/JavaVirtualMachines/corretto-1.8.0_275/Contents/Home/jre/lib/charsets.jar:/Users/desirel/Library/Java/JavaVirtualMachines/corretto-1.8.0_275/Contents/Home/jre/lib/ext/cldrdata.jar:/Users/desirel/Library/Java/JavaVirtualMachines/corretto-1.8.0_275/Contents/Home/jre/lib/ext/dnsns.jar:/Users/desirel/Library/Java/JavaVirtualMachines/corretto-1.8.0_275/Contents/Home/jre/lib/ext/jaccess.jar:/Users/desirel/Library/Java/JavaVirtualMachines/corretto-1.8.0_275/Contents/Home/jre/lib/ext/jfxrt.jar:/Users/desirel/Library/Java/JavaVirtualMachines/corretto-1.8.0_275/Contents/Home/jre/lib/ext/localedata.jar:/Users/desirel/Library/Java/JavaVirtualMachines/corretto-1.8.0_275/Contents/Home/jre/lib/ext/nashorn.jar:/Users/desirel/Library/Java/JavaVirtualMachines/corretto-1.8.0_275/Contents/Home/jre/lib/ext/sunec.jar:/Users/desirel/Library/Java/JavaVirtualMachines/corretto-1.8.0_275/Contents/Home/jre/lib/ext/sunjce_provider.jar:/Users/desirel/Library/Java/JavaVirtualMachines/corretto-1.8.0_275/Contents/Home/jre/lib/ext/sunpkcs11.jar:/Users/desirel/Library/Java/JavaVirtualMachines/corretto-1.8.0_275/Contents/Home/jre/lib/ext/zipfs.jar:/Users/desirel/Library/Java/JavaVirtualMachines/corretto-1.8.0_275/Contents/Home/jre/lib/jce.jar:/Users/desirel/Library/Java/JavaVirtualMachines/corretto-1.8.0_275/Contents/Home/jre/lib/jfr.jar:/Users/desirel/Library/Java/JavaVirtualMachines/corretto-1.8.0_275/Contents/Home/jre/lib/jfxswt.jar:/Users/desirel/Library/Java/JavaVirtualMachines/corretto-1.8.0_275/Contents/Home/jre/lib/jsse.jar:/Users/desirel/Library/Java/JavaVirtualMachines/corretto-1.8.0_275/Contents/Home/jre/lib/management-agent.jar:/Users/desirel/Library/Java/JavaVirtualMachines/corretto-1.8.0_275/Contents/Home/jre/lib/resources.jar:/Users/desirel/Library/Java/JavaVirtualMachines/corretto-1.8.0_275/Contents/Home/jre/lib/rt.jar:/Users/desirel/Library/Java/JavaVirtualMachines/corretto-1.8.0_275/Contents/Home/lib/ant-javafx.jar:/Users/desir
Launcher Type: SUN_STANDARD

Environment Variables:
PATH=/usr/local/bin:/usr/bin:/bin:/usr/sbin:/sbin:/Library/Apple/usr/bin
SHELL=/bin/zsh

Signal Handlers:
SIGSEGV: [libjvm.dylib+0x5c046b], sa_mask[0]=11111111111111111111111111111111, sa_flags=SA_ONSTACK|SA_RESTART|SA_SIGINFO
SIGBUS: [libjvm.dylib+0x5c046b], sa_mask[0]=11111111111111111111111111111111, sa_flags=SA_RESTART|SA_SIGINFO
SIGFPE: [libjvm.dylib+0x4a2e61], sa_mask[0]=11111111111111111111111111111111, sa_flags=SA_RESTART|SA_SIGINFO
SIGPIPE: [libjvm.dylib+0x4a2e61], sa_mask[0]=11111111111111111111111111111111, sa_flags=SA_RESTART|SA_SIGINFO
SIGXFSZ: [libjvm.dylib+0x4a2e61], sa_mask[0]=11111111111111111111111111111111, sa_flags=SA_RESTART|SA_SIGINFO
SIGILL: [libjvm.dylib+0x4a2e61], sa_mask[0]=11111111111111111111111111111111, sa_flags=SA_RESTART|SA_SIGINFO
SIGUSR1: SIG_DFL, sa_mask[0]=00000000000000000000000000000000, sa_flags=none
SIGUSR2: [libjvm.dylib+0x4a3769], sa_mask[0]=00100000000000000000000000000000, sa_flags=SA_RESTART|SA_SIGINFO
SIGHUP: [libjvm.dylib+0x4a1971], sa_mask[0]=11111111111111111111111111111111, sa_flags=SA_RESTART|SA_SIGINFO
SIGINT: [libjvm.dylib+0x4a1971], sa_mask[0]=11111111111111111111111111111111, sa_flags=SA_RESTART|SA_SIGINFO
SIGTERM: [libjvm.dylib+0x4a1971], sa_mask[0]=11111111111111111111111111111111, sa_flags=SA_RESTART|SA_SIGINFO
SIGQUIT: [libjvm.dylib+0x4a1971], sa_mask[0]=11111111111111111111111111111111, sa_flags=SA_RESTART|SA_SIGINFO


---------------  S Y S T E M  ---------------

OS:Bsduname:Darwin 20.2.0 Darwin Kernel Version 20.2.0: Wed Dec  2 20:40:21 PST 2020; root:xnu-7195.60.75~1/RELEASE_ARM64_T8101 x86_64
rlimit: STACK 8176k, CORE 0k, NPROC 2666, NOFILE 10240, AS infinity
load average:2.15 2.00 1.91

CPU:total 8 (initial active 8) (1 cores per cpu, 1 threads per core) family 6 model 44 stepping 0, cmov, cx8, fxsr, mmx, sse, sse2, sse3, ssse3, sse4.1, sse4.2, popcnt, aes, clmul, tsc, tscinvbit, tscinv

Memory: 4k page, physical 16777216k(113332k free)

/proc/meminfo:


vm_info: OpenJDK 64-Bit Server VM (25.275-b01) for bsd-amd64 JRE (1.8.0_275-b01), built on Nov  5 2020 11:20:11 by "corretto" with gcc 4.2.1 Compatible Apple LLVM 6.1.0 (clang-602.0.53)

time: Thu Jan  7 22:21:49 2021
timezone: KST
elapsed time: 0.136675 seconds (0d 0h 0m 0s)

